memory profiling: sample.interval=20000
:175006:387534:16952600:1:"matrix" "R_mass" "R_smooth.FEM.basis" "smooth.FEM.basis" 
:175006:387534:16952600:0:"matrix" "R_mass" "R_smooth.FEM.basis" "smooth.FEM.basis" 
:172470:5649970:16894584:0:"matrix" "R_mass" "R_smooth.FEM.basis" "smooth.FEM.basis" 
:172470:5649970:16894584:0:"matrix" "R_mass" "R_smooth.FEM.basis" "smooth.FEM.basis" 
:184848:5732126:19242608:0:"matrix" "R_stiff" "R_smooth.FEM.basis" "smooth.FEM.basis" 
:172626:5650042:16930984:0:"matrix" "R_stiff" "R_smooth.FEM.basis" "smooth.FEM.basis" 
:172627:10912478:16931152:0:"matrix" "R_stiff" "R_smooth.FEM.basis" "smooth.FEM.basis" 
:172627:10912478:16931152:0:"matrix" "R_stiff" "R_smooth.FEM.basis" "smooth.FEM.basis" 
:220824:11039895:21307944:588:"t.default" "t" "R_stiff" "R_smooth.FEM.basis" "smooth.FEM.basis" 
:172634:10912514:16933000:517:"matrix" "R_smooth.FEM.basis" "smooth.FEM.basis" 
:172623:16174806:16930032:0:"matrix" "R_smooth.FEM.basis" "smooth.FEM.basis" 
:172623:16174806:16930032:0:"matrix" "R_smooth.FEM.basis" "smooth.FEM.basis" 
:172973:16203253:17071096:2:"cbind" "R_eval.FEM.basis" "R_smooth.FEM.basis" "smooth.FEM.basis" 
:176674:17971091:18262216:122:"R_tricoefCal.TRIMESH2D" "R_tricoefCal" "R_insideIndex.TRIMESH2D" "R_insideIndex" "R_eval.FEM.basis" "R_smooth.FEM.basis" "smooth.FEM.basis" 
:180369:19704990:19439336:124:"R_tricoefCal.TRIMESH2D" "R_tricoefCal" "R_insideIndex.TRIMESH2D" "R_insideIndex" "R_eval.FEM.basis" "R_smooth.FEM.basis" "smooth.FEM.basis" 
:176945:18106475:18337928:132:"&" "R_insideIndex.TRIMESH2D" "R_insideIndex" "R_eval.FEM.basis" "R_smooth.FEM.basis" "smooth.FEM.basis" 
:173515:16470958:17239600:136:"matrix" "R_tricoefCal.TRIMESH2D" "R_tricoefCal" "R_insideIndex.TRIMESH2D" "R_insideIndex" "R_eval.FEM.basis" "R_smooth.FEM.basis" "smooth.FEM.basis" 
:184156:18343286:19716312:209:"R_eval.FEM.basis" "R_smooth.FEM.basis" "smooth.FEM.basis" 
:187889:18698856:20450696:53:"%*%" "R_smooth.FEM.basis" "smooth.FEM.basis" 
:172908:21800004:17049424:1:"*" "cbind" "rbind" "R_smooth.FEM.basis" "smooth.FEM.basis" 
:172907:21800004:17049312:0:"*" "cbind" "rbind" "R_smooth.FEM.basis" "smooth.FEM.basis" 
:172908:32324876:17049536:0:"cbind" "rbind" "R_smooth.FEM.basis" "smooth.FEM.basis" 
:172908:32324876:17049536:0:"cbind" "rbind" "R_smooth.FEM.basis" "smooth.FEM.basis" 
:172908:32324876:17049536:0:"cbind" "rbind" "R_smooth.FEM.basis" "smooth.FEM.basis" 
:172908:32324876:17049536:0:"cbind" "rbind" "R_smooth.FEM.basis" "smooth.FEM.basis" 
:172908:32324876:17049536:0:"cbind" "rbind" "R_smooth.FEM.basis" "smooth.FEM.basis" 
:172908:32324876:17050432:0:"cbind" "rbind" "R_smooth.FEM.basis" "smooth.FEM.basis" 
:172908:37587312:17049424:0:"cbind" "rbind" "R_smooth.FEM.basis" "smooth.FEM.basis" 
:172908:37587312:17049424:0:"cbind" "rbind" "R_smooth.FEM.basis" "smooth.FEM.basis" 
:172908:37587312:17049424:0:"cbind" "rbind" "R_smooth.FEM.basis" "smooth.FEM.basis" 
:172908:37587312:17049424:0:"cbind" "rbind" "R_smooth.FEM.basis" "smooth.FEM.basis" 
:172908:37587312:17049424:0:"cbind" "rbind" "R_smooth.FEM.basis" "smooth.FEM.basis" 
:172908:37587312:17049424:0:"rbind" "R_smooth.FEM.basis" "smooth.FEM.basis" 
:172909:58637056:17048696:0:"rbind" "R_smooth.FEM.basis" "smooth.FEM.basis" 
:172909:58637056:17048696:0:"rbind" "R_smooth.FEM.basis" "smooth.FEM.basis" 
:172909:58637056:17048696:0:"rbind" "R_smooth.FEM.basis" "smooth.FEM.basis" 
:172909:58637056:17048696:0:"rbind" "R_smooth.FEM.basis" "smooth.FEM.basis" 
:172909:58637056:17048696:0:"rbind" "R_smooth.FEM.basis" "smooth.FEM.basis" 
:172909:58637056:17048696:0:"rbind" "R_smooth.FEM.basis" "smooth.FEM.basis" 
:172909:58637056:17048696:0:"rbind" "R_smooth.FEM.basis" "smooth.FEM.basis" 
:172909:58637056:17048696:0:"rbind" "R_smooth.FEM.basis" "smooth.FEM.basis" 
:172909:58637056:17048696:0:"rbind" "R_smooth.FEM.basis" "smooth.FEM.basis" 
:172909:58637056:17048696:0:"rbind" "R_smooth.FEM.basis" "smooth.FEM.basis" 
:172909:58637056:17048696:0:"rbind" "R_smooth.FEM.basis" "smooth.FEM.basis" 
:172909:58637056:17048696:0:"rbind" "R_smooth.FEM.basis" "smooth.FEM.basis" 
:172909:58637056:17048696:0:"rbind" "R_smooth.FEM.basis" "smooth.FEM.basis" 
:172909:58637056:17048696:0:"rbind" "R_smooth.FEM.basis" "smooth.FEM.basis" 
:172909:58637056:17048696:0:"rbind" "R_smooth.FEM.basis" "smooth.FEM.basis" 
:172909:58637056:17048696:0:"rbind" "R_smooth.FEM.basis" "smooth.FEM.basis" 
:172909:58637056:17048696:0:"rbind" "R_smooth.FEM.basis" "smooth.FEM.basis" 
:172909:58637056:17048696:0:"rbind" "R_smooth.FEM.basis" "smooth.FEM.basis" 
:172909:58637056:17048696:0:"rbind" "R_smooth.FEM.basis" "smooth.FEM.basis" 
:172912:58643939:17050768:2:"solve.default" "solve" "R_smooth.FEM.basis" "smooth.FEM.basis" 
:172910:58643940:17049592:0:"solve.default" "solve" "R_smooth.FEM.basis" "smooth.FEM.basis" 
:172910:58643940:17049592:0:"solve.default" "solve" "R_smooth.FEM.basis" "smooth.FEM.basis" 
:172910:58643940:17049592:0:"solve.default" "solve" "R_smooth.FEM.basis" "smooth.FEM.basis" 
:172910:58643940:17049592:0:"solve.default" "solve" "R_smooth.FEM.basis" "smooth.FEM.basis" 
:172910:58643940:17049592:0:"solve.default" "solve" "R_smooth.FEM.basis" "smooth.FEM.basis" 
:172910:58643940:17049592:0:"solve.default" "solve" "R_smooth.FEM.basis" "smooth.FEM.basis" 
:172910:58643940:17049592:0:"solve.default" "solve" "R_smooth.FEM.basis" "smooth.FEM.basis" 
:172910:58643940:17049592:0:"solve.default" "solve" "R_smooth.FEM.basis" "smooth.FEM.basis" 
:172910:58643940:17049592:0:"solve.default" "solve" "R_smooth.FEM.basis" "smooth.FEM.basis" 
:172910:58643940:17049592:0:"solve.default" "solve" "R_smooth.FEM.basis" "smooth.FEM.basis" 
:172910:58643940:17049592:0:"solve.default" "solve" "R_smooth.FEM.basis" "smooth.FEM.basis" 
:172910:58643940:17049592:0:"solve.default" "solve" "R_smooth.FEM.basis" "smooth.FEM.basis" 
:172910:58643940:17049592:0:"solve.default" "solve" "R_smooth.FEM.basis" "smooth.FEM.basis" 
:172910:58643940:17049592:0:"solve.default" "solve" "R_smooth.FEM.basis" "smooth.FEM.basis" 
:172910:58643940:17049592:0:"solve.default" "solve" "R_smooth.FEM.basis" "smooth.FEM.basis" 
:172910:58643940:17049592:0:"solve.default" "solve" "R_smooth.FEM.basis" "smooth.FEM.basis" 
:172910:58643940:17049592:0:"solve.default" "solve" "R_smooth.FEM.basis" "smooth.FEM.basis" 
:172910:58643940:17049592:0:"solve.default" "solve" "R_smooth.FEM.basis" "smooth.FEM.basis" 
:172910:58643940:17049592:0:"solve.default" "solve" "R_smooth.FEM.basis" "smooth.FEM.basis" 
:172910:58643940:17049592:0:"solve.default" "solve" "R_smooth.FEM.basis" "smooth.FEM.basis" 
:172910:58643940:17049592:0:"solve.default" "solve" "R_smooth.FEM.basis" "smooth.FEM.basis" 
:172910:58643940:17049592:0:"solve.default" "solve" "R_smooth.FEM.basis" "smooth.FEM.basis" 
:172910:58643940:17049592:0:"solve.default" "solve" "R_smooth.FEM.basis" "smooth.FEM.basis" 
:172910:58643940:17049592:0:"solve.default" "solve" "R_smooth.FEM.basis" "smooth.FEM.basis" 
:172910:58643940:17049592:0:"solve.default" "solve" "R_smooth.FEM.basis" "smooth.FEM.basis" 
:172910:58643940:17049592:0:"solve.default" "solve" "R_smooth.FEM.basis" "smooth.FEM.basis" 
:172910:58643940:17049592:0:"solve.default" "solve" "R_smooth.FEM.basis" "smooth.FEM.basis" 
:172910:58643940:17049592:0:"solve.default" "solve" "R_smooth.FEM.basis" "smooth.FEM.basis" 
:172910:58643940:17049592:0:"solve.default" "solve" "R_smooth.FEM.basis" "smooth.FEM.basis" 
:172910:58643940:17049592:0:"solve.default" "solve" "R_smooth.FEM.basis" "smooth.FEM.basis" 
:172910:58643940:17049592:0:"solve.default" "solve" "R_smooth.FEM.basis" "smooth.FEM.basis" 
:172910:58643940:17049592:0:"solve.default" "solve" "R_smooth.FEM.basis" "smooth.FEM.basis" 
:172910:58643940:17049592:0:"solve.default" "solve" "R_smooth.FEM.basis" "smooth.FEM.basis" 
:172910:58643940:17049592:0:"solve.default" "solve" "R_smooth.FEM.basis" "smooth.FEM.basis" 
:172910:58643940:17049592:0:"solve.default" "solve" "R_smooth.FEM.basis" "smooth.FEM.basis" 
:172910:58643940:17049592:0:"solve.default" "solve" "R_smooth.FEM.basis" "smooth.FEM.basis" 
:172910:58643940:17049592:0:"solve.default" "solve" "R_smooth.FEM.basis" "smooth.FEM.basis" 
:172910:58643940:17049592:0:"solve.default" "solve" "R_smooth.FEM.basis" "smooth.FEM.basis" 
:172910:58643940:17049592:0:"solve.default" "solve" "R_smooth.FEM.basis" "smooth.FEM.basis" 
:172910:58643940:17049592:0:"solve.default" "solve" "R_smooth.FEM.basis" "smooth.FEM.basis" 
:172910:58643940:17049592:0:"solve.default" "solve" "R_smooth.FEM.basis" "smooth.FEM.basis" 
:172910:58643940:17049592:0:"solve.default" "solve" "R_smooth.FEM.basis" "smooth.FEM.basis" 
:172910:58643940:17049592:0:"solve.default" "solve" "R_smooth.FEM.basis" "smooth.FEM.basis" 
:172910:58643940:17049592:0:"solve.default" "solve" "R_smooth.FEM.basis" "smooth.FEM.basis" 
:172910:58643940:17049592:0:"solve.default" "solve" "R_smooth.FEM.basis" "smooth.FEM.basis" 
:172910:58643940:17049592:0:"solve.default" "solve" "R_smooth.FEM.basis" "smooth.FEM.basis" 
:172910:58643940:17049592:0:"solve.default" "solve" "R_smooth.FEM.basis" "smooth.FEM.basis" 
:172910:58643940:17049592:0:"solve.default" "solve" "R_smooth.FEM.basis" "smooth.FEM.basis" 
:172910:58643940:17049592:0:"solve.default" "solve" "R_smooth.FEM.basis" "smooth.FEM.basis" 
:172910:58643940:17049592:0:"solve.default" "solve" "R_smooth.FEM.basis" "smooth.FEM.basis" 
:172910:58643940:17049592:0:"solve.default" "solve" "R_smooth.FEM.basis" "smooth.FEM.basis" 
:172910:58643940:17049592:0:"solve.default" "solve" "R_smooth.FEM.basis" "smooth.FEM.basis" 
:172910:58643940:17049592:0:"solve.default" "solve" "R_smooth.FEM.basis" "smooth.FEM.basis" 
:172910:58643940:17049592:0:"solve.default" "solve" "R_smooth.FEM.basis" "smooth.FEM.basis" 
:172910:58643940:17049592:0:"solve.default" "solve" "R_smooth.FEM.basis" "smooth.FEM.basis" 
:172910:58643940:17049592:0:"solve.default" "solve" "R_smooth.FEM.basis" "smooth.FEM.basis" 
:172910:58643940:17049592:0:"solve.default" "solve" "R_smooth.FEM.basis" "smooth.FEM.basis" 
:172910:58643940:17049592:0:"solve.default" "solve" "R_smooth.FEM.basis" "smooth.FEM.basis" 
:172910:58643940:17049592:0:"solve.default" "solve" "R_smooth.FEM.basis" "smooth.FEM.basis" 
:172910:58643940:17049592:0:"solve.default" "solve" "R_smooth.FEM.basis" "smooth.FEM.basis" 
:172910:58643940:17049592:0:"solve.default" "solve" "R_smooth.FEM.basis" "smooth.FEM.basis" 
:172910:58643940:17049592:0:"solve.default" "solve" "R_smooth.FEM.basis" "smooth.FEM.basis" 
:172910:58643940:17049592:0:"solve.default" "solve" "R_smooth.FEM.basis" "smooth.FEM.basis" 
:172910:58643940:17049592:0:"solve.default" "solve" "R_smooth.FEM.basis" "smooth.FEM.basis" 
:172910:58643940:17049592:0:"solve.default" "solve" "R_smooth.FEM.basis" "smooth.FEM.basis" 
:172910:58643940:17049592:0:"solve.default" "solve" "R_smooth.FEM.basis" "smooth.FEM.basis" 
:172910:58643940:17049592:0:"solve.default" "solve" "R_smooth.FEM.basis" "smooth.FEM.basis" 
:172910:58643940:17049592:0:"solve.default" "solve" "R_smooth.FEM.basis" "smooth.FEM.basis" 
:172910:58643940:17049592:0:"solve.default" "solve" "R_smooth.FEM.basis" "smooth.FEM.basis" 
:172910:58643940:17049592:0:"solve.default" "solve" "R_smooth.FEM.basis" "smooth.FEM.basis" 
:172910:58643940:17049592:0:"solve.default" "solve" "R_smooth.FEM.basis" "smooth.FEM.basis" 
:172910:58643940:17049592:0:"solve.default" "solve" "R_smooth.FEM.basis" "smooth.FEM.basis" 
:172910:58643940:17049592:0:"solve.default" "solve" "R_smooth.FEM.basis" "smooth.FEM.basis" 
:172910:58643940:17049592:0:"solve.default" "solve" "R_smooth.FEM.basis" "smooth.FEM.basis" 
:172910:58643940:17049592:0:"solve.default" "solve" "R_smooth.FEM.basis" "smooth.FEM.basis" 
:172910:58643940:17049592:0:"solve.default" "solve" "R_smooth.FEM.basis" "smooth.FEM.basis" 
:172910:58643940:17049592:0:"solve.default" "solve" "R_smooth.FEM.basis" "smooth.FEM.basis" 
:172910:58643940:17049592:0:"solve.default" "solve" "R_smooth.FEM.basis" "smooth.FEM.basis" 
:172910:58643940:17049592:0:"solve.default" "solve" "R_smooth.FEM.basis" "smooth.FEM.basis" 
:172910:58643940:17049592:0:"solve.default" "solve" "R_smooth.FEM.basis" "smooth.FEM.basis" 
:172910:58643940:17049592:0:"solve.default" "solve" "R_smooth.FEM.basis" "smooth.FEM.basis" 
:172910:58643940:17049592:0:"solve.default" "solve" "R_smooth.FEM.basis" "smooth.FEM.basis" 
:172910:58643940:17049592:0:"solve.default" "solve" "R_smooth.FEM.basis" "smooth.FEM.basis" 
:172910:58643940:17049592:0:"solve.default" "solve" "R_smooth.FEM.basis" "smooth.FEM.basis" 
:172910:58643940:17049592:0:"solve.default" "solve" "R_smooth.FEM.basis" "smooth.FEM.basis" 
:172910:58643940:17049592:0:"solve.default" "solve" "R_smooth.FEM.basis" "smooth.FEM.basis" 
:172910:58643940:17049592:0:"solve.default" "solve" "R_smooth.FEM.basis" "smooth.FEM.basis" 
:172910:58643940:17049592:0:"solve.default" "solve" "R_smooth.FEM.basis" "smooth.FEM.basis" 
:172910:58643940:17049592:0:"solve.default" "solve" "R_smooth.FEM.basis" "smooth.FEM.basis" 
:172910:58643940:17049592:0:"solve.default" "solve" "R_smooth.FEM.basis" "smooth.FEM.basis" 
:172910:58643940:17049592:0:"solve.default" "solve" "R_smooth.FEM.basis" "smooth.FEM.basis" 
:172910:58643940:17049592:0:"solve.default" "solve" "R_smooth.FEM.basis" "smooth.FEM.basis" 
:172910:58643940:17049592:0:"solve.default" "solve" "R_smooth.FEM.basis" "smooth.FEM.basis" 
:172910:58643940:17049592:0:"solve.default" "solve" "R_smooth.FEM.basis" "smooth.FEM.basis" 
:172910:58643940:17049592:0:"solve.default" "solve" "R_smooth.FEM.basis" "smooth.FEM.basis" 
:172910:58643940:17049592:0:"solve.default" "solve" "R_smooth.FEM.basis" "smooth.FEM.basis" 
:172910:58643940:17049592:0:"solve.default" "solve" "R_smooth.FEM.basis" "smooth.FEM.basis" 
:172910:58643940:17049592:0:"solve.default" "solve" "R_smooth.FEM.basis" "smooth.FEM.basis" 
:172910:58643940:17049592:0:"solve.default" "solve" "R_smooth.FEM.basis" "smooth.FEM.basis" 
:172910:58643940:17049592:0:"solve.default" "solve" "R_smooth.FEM.basis" "smooth.FEM.basis" 
:172910:58643940:17049592:0:"solve.default" "solve" "R_smooth.FEM.basis" "smooth.FEM.basis" 
:172910:58643940:17049592:0:"solve.default" "solve" "R_smooth.FEM.basis" "smooth.FEM.basis" 
:172910:58643940:17049592:0:"solve.default" "solve" "R_smooth.FEM.basis" "smooth.FEM.basis" 
:172910:58643940:17049592:0:"solve.default" "solve" "R_smooth.FEM.basis" "smooth.FEM.basis" 
:172910:58643940:17049592:0:"solve.default" "solve" "R_smooth.FEM.basis" "smooth.FEM.basis" 
:172910:58643940:17049592:0:"solve.default" "solve" "R_smooth.FEM.basis" "smooth.FEM.basis" 
:172910:58643940:17049592:0:"solve.default" "solve" "R_smooth.FEM.basis" "smooth.FEM.basis" 
:172910:58643940:17049592:0:"solve.default" "solve" "R_smooth.FEM.basis" "smooth.FEM.basis" 
:172910:58643940:17049592:0:"solve.default" "solve" "R_smooth.FEM.basis" "smooth.FEM.basis" 
:172910:58643940:17049592:0:"solve.default" "solve" "R_smooth.FEM.basis" "smooth.FEM.basis" 
:172910:58643940:17049592:0:"solve.default" "solve" "R_smooth.FEM.basis" "smooth.FEM.basis" 
:172910:58643940:17049592:0:"solve.default" "solve" "R_smooth.FEM.basis" "smooth.FEM.basis" 
:172910:58643940:17049592:0:"solve.default" "solve" "R_smooth.FEM.basis" "smooth.FEM.basis" 
:172910:58643940:17049592:0:"solve.default" "solve" "R_smooth.FEM.basis" "smooth.FEM.basis" 
:172910:58643940:17049592:0:"solve.default" "solve" "R_smooth.FEM.basis" "smooth.FEM.basis" 
:172910:58643940:17049592:0:"solve.default" "solve" "R_smooth.FEM.basis" "smooth.FEM.basis" 
:172910:58643940:17049592:0:"solve.default" "solve" "R_smooth.FEM.basis" "smooth.FEM.basis" 
:172910:58643940:17049592:0:"solve.default" "solve" "R_smooth.FEM.basis" "smooth.FEM.basis" 
:172910:58643940:17049592:0:"solve.default" "solve" "R_smooth.FEM.basis" "smooth.FEM.basis" 
:172910:58643940:17049592:0:"solve.default" "solve" "R_smooth.FEM.basis" "smooth.FEM.basis" 
:172910:58643940:17049592:0:"solve.default" "solve" "R_smooth.FEM.basis" "smooth.FEM.basis" 
:172910:58643940:17049592:0:"solve.default" "solve" "R_smooth.FEM.basis" "smooth.FEM.basis" 
:172910:58643940:17049592:0:"solve.default" "solve" "R_smooth.FEM.basis" "smooth.FEM.basis" 
:172910:58643940:17049592:0:"solve.default" "solve" "R_smooth.FEM.basis" "smooth.FEM.basis" 
:172910:58643940:17049592:0:"solve.default" "solve" "R_smooth.FEM.basis" "smooth.FEM.basis" 
:172910:58643940:17049592:0:"solve.default" "solve" "R_smooth.FEM.basis" "smooth.FEM.basis" 
:172910:58643940:17049592:0:"solve.default" "solve" "R_smooth.FEM.basis" "smooth.FEM.basis" 
:172910:58643940:17049592:0:"solve.default" "solve" "R_smooth.FEM.basis" "smooth.FEM.basis" 
:172910:58643940:17049592:0:"solve.default" "solve" "R_smooth.FEM.basis" "smooth.FEM.basis" 
:172910:58643940:17049592:0:"solve.default" "solve" "R_smooth.FEM.basis" "smooth.FEM.basis" 
:172910:58643940:17049592:0:"solve.default" "solve" "R_smooth.FEM.basis" "smooth.FEM.basis" 
:172910:58643940:17049592:0:"solve.default" "solve" "R_smooth.FEM.basis" "smooth.FEM.basis" 
:172910:58643940:17049592:0:"solve.default" "solve" "R_smooth.FEM.basis" "smooth.FEM.basis" 
:172910:58643940:17049592:0:"solve.default" "solve" "R_smooth.FEM.basis" "smooth.FEM.basis" 
:172910:58643940:17049592:0:"solve.default" "solve" "R_smooth.FEM.basis" "smooth.FEM.basis" 
:172910:58643940:17049592:0:"solve.default" "solve" "R_smooth.FEM.basis" "smooth.FEM.basis" 
:172910:58643940:17049592:0:"solve.default" "solve" "R_smooth.FEM.basis" "smooth.FEM.basis" 
:172910:58643940:17049592:0:"solve.default" "solve" "R_smooth.FEM.basis" "smooth.FEM.basis" 
:172910:58643940:17049592:0:"solve.default" "solve" "R_smooth.FEM.basis" "smooth.FEM.basis" 
:172910:58643940:17049592:0:"solve.default" "solve" "R_smooth.FEM.basis" "smooth.FEM.basis" 
:172910:58643940:17049592:0:"solve.default" "solve" "R_smooth.FEM.basis" "smooth.FEM.basis" 
:172910:58643940:17049592:0:"solve.default" "solve" "R_smooth.FEM.basis" "smooth.FEM.basis" 
:172910:58643940:17049592:0:"solve.default" "solve" "R_smooth.FEM.basis" "smooth.FEM.basis" 
:172910:58643940:17049592:0:"solve.default" "solve" "R_smooth.FEM.basis" "smooth.FEM.basis" 
:172910:58643940:17049592:0:"solve.default" "solve" "R_smooth.FEM.basis" "smooth.FEM.basis" 
:172910:58643940:17049592:0:"solve.default" "solve" "R_smooth.FEM.basis" "smooth.FEM.basis" 
:172910:58643940:17049592:0:"solve.default" "solve" "R_smooth.FEM.basis" "smooth.FEM.basis" 
:172910:58643940:17049592:0:"solve.default" "solve" "R_smooth.FEM.basis" "smooth.FEM.basis" 
:172910:58643940:17049592:0:"solve.default" "solve" "R_smooth.FEM.basis" "smooth.FEM.basis" 
:172910:58643940:17049592:0:"solve.default" "solve" "R_smooth.FEM.basis" "smooth.FEM.basis" 
:172910:58643940:17049592:0:"solve.default" "solve" "R_smooth.FEM.basis" "smooth.FEM.basis" 
:172910:58643940:17049592:0:"solve.default" "solve" "R_smooth.FEM.basis" "smooth.FEM.basis" 
:172910:58643940:17049592:0:"solve.default" "solve" "R_smooth.FEM.basis" "smooth.FEM.basis" 
:172910:58643940:17049592:0:"solve.default" "solve" "R_smooth.FEM.basis" "smooth.FEM.basis" 
:172910:58643940:17049592:0:"solve.default" "solve" "R_smooth.FEM.basis" "smooth.FEM.basis" 
:172910:58643940:17049592:0:"solve.default" "solve" "R_smooth.FEM.basis" "smooth.FEM.basis" 
:172910:58643940:17049592:0:"solve.default" "solve" "R_smooth.FEM.basis" "smooth.FEM.basis" 
:172910:58643940:17049592:0:"solve.default" "solve" "R_smooth.FEM.basis" "smooth.FEM.basis" 
:172910:58643940:17049592:0:"solve.default" "solve" "R_smooth.FEM.basis" "smooth.FEM.basis" 
:172910:58643940:17049592:0:"solve.default" "solve" "R_smooth.FEM.basis" "smooth.FEM.basis" 
:172910:58643940:17049592:0:"solve.default" "solve" "R_smooth.FEM.basis" "smooth.FEM.basis" 
:172910:58643940:17049592:0:"solve.default" "solve" "R_smooth.FEM.basis" "smooth.FEM.basis" 
:172910:58643940:17049592:0:"solve.default" "solve" "R_smooth.FEM.basis" "smooth.FEM.basis" 
:172910:58643940:17049592:0:"solve.default" "solve" "R_smooth.FEM.basis" "smooth.FEM.basis" 
:172910:58643940:17049592:0:"solve.default" "solve" "R_smooth.FEM.basis" "smooth.FEM.basis" 
:172910:58643940:17049592:0:"solve.default" "solve" "R_smooth.FEM.basis" "smooth.FEM.basis" 
:172910:58643940:17049592:0:"solve.default" "solve" "R_smooth.FEM.basis" "smooth.FEM.basis" 
:172910:58643940:17049592:0:"solve.default" "solve" "R_smooth.FEM.basis" "smooth.FEM.basis" 
:172910:58643940:17049592:0:"solve.default" "solve" "R_smooth.FEM.basis" "smooth.FEM.basis" 
:172910:58643940:17049592:0:"solve.default" "solve" "R_smooth.FEM.basis" "smooth.FEM.basis" 
:172910:58643940:17049592:0:"solve.default" "solve" "R_smooth.FEM.basis" "smooth.FEM.basis" 
:172910:58643940:17049592:0:"solve.default" "solve" "R_smooth.FEM.basis" "smooth.FEM.basis" 
:172910:58643940:17049592:0:"solve.default" "solve" "R_smooth.FEM.basis" "smooth.FEM.basis" 
:172910:58643940:17049592:0:"solve.default" "solve" "R_smooth.FEM.basis" "smooth.FEM.basis" 
:172910:58643940:17049592:0:"solve.default" "solve" "R_smooth.FEM.basis" "smooth.FEM.basis" 
:172910:58643940:17049592:0:"solve.default" "solve" "R_smooth.FEM.basis" "smooth.FEM.basis" 
:172910:58643940:17049592:0:"solve.default" "solve" "R_smooth.FEM.basis" "smooth.FEM.basis" 
:172910:58643940:17049592:0:"solve.default" "solve" "R_smooth.FEM.basis" "smooth.FEM.basis" 
:172910:58643940:17049592:0:"solve.default" "solve" "R_smooth.FEM.basis" "smooth.FEM.basis" 
:172910:58643940:17049592:0:"solve.default" "solve" "R_smooth.FEM.basis" "smooth.FEM.basis" 
:172910:58643940:17049592:0:"solve.default" "solve" "R_smooth.FEM.basis" "smooth.FEM.basis" 
:172910:58643940:17049592:0:"solve.default" "solve" "R_smooth.FEM.basis" "smooth.FEM.basis" 
:172910:58643940:17049592:0:"solve.default" "solve" "R_smooth.FEM.basis" "smooth.FEM.basis" 
:172910:58643940:17049592:0:"solve.default" "solve" "R_smooth.FEM.basis" "smooth.FEM.basis" 
:172910:58643940:17049592:0:"solve.default" "solve" "R_smooth.FEM.basis" "smooth.FEM.basis" 
:172910:58643940:17049592:0:"solve.default" "solve" "R_smooth.FEM.basis" "smooth.FEM.basis" 
:172910:58643940:17049592:0:"solve.default" "solve" "R_smooth.FEM.basis" "smooth.FEM.basis" 
:172910:58643940:17049592:0:"solve.default" "solve" "R_smooth.FEM.basis" "smooth.FEM.basis" 
:172910:58643940:17049592:0:"solve.default" "solve" "R_smooth.FEM.basis" "smooth.FEM.basis" 
:172910:58643940:17049592:0:"solve.default" "solve" "R_smooth.FEM.basis" "smooth.FEM.basis" 
:172910:58643940:17049592:0:"solve.default" "solve" "R_smooth.FEM.basis" "smooth.FEM.basis" 
:172910:58643940:17049592:0:"solve.default" "solve" "R_smooth.FEM.basis" "smooth.FEM.basis" 
:172910:58643940:17049592:0:"solve.default" "solve" "R_smooth.FEM.basis" "smooth.FEM.basis" 
:172910:58643940:17049592:0:"solve.default" "solve" "R_smooth.FEM.basis" "smooth.FEM.basis" 
:172910:58643940:17049592:0:"solve.default" "solve" "R_smooth.FEM.basis" "smooth.FEM.basis" 
:172910:58643940:17049592:0:"solve.default" "solve" "R_smooth.FEM.basis" "smooth.FEM.basis" 
:172910:58643940:17049592:0:"solve.default" "solve" "R_smooth.FEM.basis" "smooth.FEM.basis" 
:172910:58643940:17049592:0:"solve.default" "solve" "R_smooth.FEM.basis" "smooth.FEM.basis" 
:172910:58643940:17049592:0:"solve.default" "solve" "R_smooth.FEM.basis" "smooth.FEM.basis" 
:172910:58643940:17049592:0:"solve.default" "solve" "R_smooth.FEM.basis" "smooth.FEM.basis" 
:172910:58643940:17049592:0:"solve.default" "solve" "R_smooth.FEM.basis" "smooth.FEM.basis" 
:172910:58643940:17049592:0:"solve.default" "solve" "R_smooth.FEM.basis" "smooth.FEM.basis" 
:172910:58643940:17049592:0:"solve.default" "solve" "R_smooth.FEM.basis" "smooth.FEM.basis" 
:172910:58643940:17049592:0:"solve.default" "solve" "R_smooth.FEM.basis" "smooth.FEM.basis" 
:172910:58643940:17049592:0:"solve.default" "solve" "R_smooth.FEM.basis" "smooth.FEM.basis" 
:172910:58643940:17049592:0:"solve.default" "solve" "R_smooth.FEM.basis" "smooth.FEM.basis" 
:172910:58643940:17049592:0:"solve.default" "solve" "R_smooth.FEM.basis" "smooth.FEM.basis" 
:172910:58643940:17049592:0:"solve.default" "solve" "R_smooth.FEM.basis" "smooth.FEM.basis" 
:172910:58643940:17049592:0:"solve.default" "solve" "R_smooth.FEM.basis" "smooth.FEM.basis" 
:172910:58643940:17049592:0:"solve.default" "solve" "R_smooth.FEM.basis" "smooth.FEM.basis" 
:172910:58643940:17049592:0:"solve.default" "solve" "R_smooth.FEM.basis" "smooth.FEM.basis" 
:172910:58643940:17049592:0:"solve.default" "solve" "R_smooth.FEM.basis" "smooth.FEM.basis" 
:172910:58643940:17049592:0:"solve.default" "solve" "R_smooth.FEM.basis" "smooth.FEM.basis" 
:172910:58643940:17049592:0:"solve.default" "solve" "R_smooth.FEM.basis" "smooth.FEM.basis" 
:172910:58643940:17049592:0:"solve.default" "solve" "R_smooth.FEM.basis" "smooth.FEM.basis" 
:172910:58643940:17049592:0:"solve.default" "solve" "R_smooth.FEM.basis" "smooth.FEM.basis" 
:172910:58643940:17049592:0:"solve.default" "solve" "R_smooth.FEM.basis" "smooth.FEM.basis" 
:172910:58643940:17049592:0:"solve.default" "solve" "R_smooth.FEM.basis" "smooth.FEM.basis" 
:172910:58643940:17049592:0:"solve.default" "solve" "R_smooth.FEM.basis" "smooth.FEM.basis" 
:172910:58643940:17049592:0:"solve.default" "solve" "R_smooth.FEM.basis" "smooth.FEM.basis" 
:172910:58643940:17049592:0:"solve.default" "solve" "R_smooth.FEM.basis" "smooth.FEM.basis" 
:172910:58643940:17049592:0:"solve.default" "solve" "R_smooth.FEM.basis" "smooth.FEM.basis" 
:172910:58643940:17049592:0:"solve.default" "solve" "R_smooth.FEM.basis" "smooth.FEM.basis" 
:172910:58643940:17049592:0:"solve.default" "solve" "R_smooth.FEM.basis" "smooth.FEM.basis" 
:172910:58643940:17049592:0:"solve.default" "solve" "R_smooth.FEM.basis" "smooth.FEM.basis" 
:172910:58643940:17049592:0:"solve.default" "solve" "R_smooth.FEM.basis" "smooth.FEM.basis" 
:172910:58643940:17049592:0:"solve.default" "solve" "R_smooth.FEM.basis" "smooth.FEM.basis" 
:172910:58643940:17049592:0:"solve.default" "solve" "R_smooth.FEM.basis" "smooth.FEM.basis" 
:172910:58643940:17049592:0:"solve.default" "solve" "R_smooth.FEM.basis" "smooth.FEM.basis" 
:172910:58643940:17049592:0:"solve.default" "solve" "R_smooth.FEM.basis" "smooth.FEM.basis" 
:172910:58643940:17049592:0:"solve.default" "solve" "R_smooth.FEM.basis" "smooth.FEM.basis" 
:172910:58643940:17049592:0:"solve.default" "solve" "R_smooth.FEM.basis" "smooth.FEM.basis" 
:172910:58643940:17049592:0:"solve.default" "solve" "R_smooth.FEM.basis" "smooth.FEM.basis" 
:172910:58643940:17049592:0:"solve.default" "solve" "R_smooth.FEM.basis" "smooth.FEM.basis" 
:172910:58643940:17049592:0:"solve.default" "solve" "R_smooth.FEM.basis" "smooth.FEM.basis" 
:172910:58643940:17049592:0:"solve.default" "solve" "R_smooth.FEM.basis" "smooth.FEM.basis" 
:172910:58643940:17049592:0:"solve.default" "solve" "R_smooth.FEM.basis" "smooth.FEM.basis" 
:172910:58643940:17049592:0:"solve.default" "solve" "R_smooth.FEM.basis" "smooth.FEM.basis" 
:172910:58643940:17049592:0:"solve.default" "solve" "R_smooth.FEM.basis" "smooth.FEM.basis" 
:172910:58643940:17049592:0:"solve.default" "solve" "R_smooth.FEM.basis" "smooth.FEM.basis" 
:172910:58643940:17049592:0:"solve.default" "solve" "R_smooth.FEM.basis" "smooth.FEM.basis" 
:172910:58643940:17049592:0:"solve.default" "solve" "R_smooth.FEM.basis" "smooth.FEM.basis" 
:172910:58643940:17049592:0:"solve.default" "solve" "R_smooth.FEM.basis" "smooth.FEM.basis" 
:172910:58643940:17049592:0:"solve.default" "solve" "R_smooth.FEM.basis" "smooth.FEM.basis" 
:172910:58643940:17049592:0:"solve.default" "solve" "R_smooth.FEM.basis" "smooth.FEM.basis" 
:172910:58643940:17049592:0:"solve.default" "solve" "R_smooth.FEM.basis" "smooth.FEM.basis" 
:172910:58643940:17049592:0:"solve.default" "solve" "R_smooth.FEM.basis" "smooth.FEM.basis" 
:172910:58643940:17049592:0:"solve.default" "solve" "R_smooth.FEM.basis" "smooth.FEM.basis" 
:172910:58643940:17049592:0:"solve.default" "solve" "R_smooth.FEM.basis" "smooth.FEM.basis" 
:172910:58643940:17049592:0:"solve.default" "solve" "R_smooth.FEM.basis" "smooth.FEM.basis" 
:172910:58643940:17049592:0:"solve.default" "solve" "R_smooth.FEM.basis" "smooth.FEM.basis" 
:172910:58643940:17049592:0:"solve.default" "solve" "R_smooth.FEM.basis" "smooth.FEM.basis" 
:172910:58643940:17049592:0:"solve.default" "solve" "R_smooth.FEM.basis" "smooth.FEM.basis" 
:172910:58643940:17049592:0:"solve.default" "solve" "R_smooth.FEM.basis" "smooth.FEM.basis" 
:172910:58643940:17049592:0:"solve.default" "solve" "R_smooth.FEM.basis" "smooth.FEM.basis" 
:172910:58643940:17049592:0:"solve.default" "solve" "R_smooth.FEM.basis" "smooth.FEM.basis" 
:172910:58643940:17049592:0:"solve.default" "solve" "R_smooth.FEM.basis" "smooth.FEM.basis" 
:172910:58643940:17049592:0:"solve.default" "solve" "R_smooth.FEM.basis" "smooth.FEM.basis" 
:172910:58643940:17049592:0:"solve.default" "solve" "R_smooth.FEM.basis" "smooth.FEM.basis" 
:172910:58643940:17049592:0:"solve.default" "solve" "R_smooth.FEM.basis" "smooth.FEM.basis" 
:172910:58643940:17049592:0:"solve.default" "solve" "R_smooth.FEM.basis" "smooth.FEM.basis" 
:172910:58643940:17049592:0:"solve.default" "solve" "R_smooth.FEM.basis" "smooth.FEM.basis" 
:172910:58643940:17049592:0:"solve.default" "solve" "R_smooth.FEM.basis" "smooth.FEM.basis" 
:172910:58643940:17049592:0:"solve.default" "solve" "R_smooth.FEM.basis" "smooth.FEM.basis" 
:172910:58643940:17049592:0:"solve.default" "solve" "R_smooth.FEM.basis" "smooth.FEM.basis" 
:172910:58643940:17049592:0:"solve.default" "solve" "R_smooth.FEM.basis" "smooth.FEM.basis" 
:172910:58643940:17049592:0:"solve.default" "solve" "R_smooth.FEM.basis" "smooth.FEM.basis" 
:172910:58643940:17049592:0:"solve.default" "solve" "R_smooth.FEM.basis" "smooth.FEM.basis" 
:172910:58643940:17049592:0:"solve.default" "solve" "R_smooth.FEM.basis" "smooth.FEM.basis" 
:172910:58643940:17049592:0:"solve.default" "solve" "R_smooth.FEM.basis" "smooth.FEM.basis" 
:172910:58643940:17049592:0:"solve.default" "solve" "R_smooth.FEM.basis" "smooth.FEM.basis" 
:172910:58643940:17049592:0:"solve.default" "solve" "R_smooth.FEM.basis" "smooth.FEM.basis" 
:172910:58643940:17049592:0:"solve.default" "solve" "R_smooth.FEM.basis" "smooth.FEM.basis" 
:172910:58643940:17049592:0:"solve.default" "solve" "R_smooth.FEM.basis" "smooth.FEM.basis" 
:172910:58643940:17049592:0:"solve.default" "solve" "R_smooth.FEM.basis" "smooth.FEM.basis" 
:172910:58643940:17049592:0:"solve.default" "solve" "R_smooth.FEM.basis" "smooth.FEM.basis" 
:172910:58643940:17049592:0:"solve.default" "solve" "R_smooth.FEM.basis" "smooth.FEM.basis" 
:172910:58643940:17049592:0:"solve.default" "solve" "R_smooth.FEM.basis" "smooth.FEM.basis" 
:172910:58643940:17049592:0:"solve.default" "solve" "R_smooth.FEM.basis" "smooth.FEM.basis" 
:172910:58643940:17049592:0:"solve.default" "solve" "R_smooth.FEM.basis" "smooth.FEM.basis" 
:172910:58643940:17049592:0:"solve.default" "solve" "R_smooth.FEM.basis" "smooth.FEM.basis" 
:172910:58643940:17049592:0:"solve.default" "solve" "R_smooth.FEM.basis" "smooth.FEM.basis" 
:172910:58643940:17049592:0:"solve.default" "solve" "R_smooth.FEM.basis" "smooth.FEM.basis" 
:172910:58643940:17049592:0:"solve.default" "solve" "R_smooth.FEM.basis" "smooth.FEM.basis" 
:172910:58643940:17049592:0:"solve.default" "solve" "R_smooth.FEM.basis" "smooth.FEM.basis" 
:172910:58643940:17049592:0:"solve.default" "solve" "R_smooth.FEM.basis" "smooth.FEM.basis" 
:172910:58643940:17049592:0:"solve.default" "solve" "R_smooth.FEM.basis" "smooth.FEM.basis" 
:172910:58643940:17049592:0:"solve.default" "solve" "R_smooth.FEM.basis" "smooth.FEM.basis" 
:172910:58643940:17049592:0:"solve.default" "solve" "R_smooth.FEM.basis" "smooth.FEM.basis" 
:172910:58643940:17049592:0:"solve.default" "solve" "R_smooth.FEM.basis" "smooth.FEM.basis" 
:172910:58643940:17049592:0:"solve.default" "solve" "R_smooth.FEM.basis" "smooth.FEM.basis" 
:172910:58643940:17049592:0:"solve.default" "solve" "R_smooth.FEM.basis" "smooth.FEM.basis" 
:172910:58643940:17049592:0:"solve.default" "solve" "R_smooth.FEM.basis" "smooth.FEM.basis" 
:172910:58643940:17049592:0:"solve.default" "solve" "R_smooth.FEM.basis" "smooth.FEM.basis" 
:172910:58643940:17049592:0:"solve.default" "solve" "R_smooth.FEM.basis" "smooth.FEM.basis" 
:172910:58643940:17049592:0:"solve.default" "solve" "R_smooth.FEM.basis" "smooth.FEM.basis" 
:172910:58643940:17049592:0:"solve.default" "solve" "R_smooth.FEM.basis" "smooth.FEM.basis" 
:172910:58643940:17049592:0:"solve.default" "solve" "R_smooth.FEM.basis" "smooth.FEM.basis" 
:172910:58643940:17049592:0:"solve.default" "solve" "R_smooth.FEM.basis" "smooth.FEM.basis" 
:172910:58643940:17049592:0:"solve.default" "solve" "R_smooth.FEM.basis" "smooth.FEM.basis" 
:172910:58643940:17049592:0:"solve.default" "solve" "R_smooth.FEM.basis" "smooth.FEM.basis" 
:172910:58643940:17049592:0:"solve.default" "solve" "R_smooth.FEM.basis" "smooth.FEM.basis" 
:172910:58643940:17049592:0:"solve.default" "solve" "R_smooth.FEM.basis" "smooth.FEM.basis" 
:172910:58643940:17049592:0:"solve.default" "solve" "R_smooth.FEM.basis" "smooth.FEM.basis" 
:172910:58643940:17049592:0:"solve.default" "solve" "R_smooth.FEM.basis" "smooth.FEM.basis" 
:172910:58643940:17049592:0:"solve.default" "solve" "R_smooth.FEM.basis" "smooth.FEM.basis" 
:172910:58643940:17049592:0:"solve.default" "solve" "R_smooth.FEM.basis" "smooth.FEM.basis" 
:172910:58643940:17049592:0:"solve.default" "solve" "R_smooth.FEM.basis" "smooth.FEM.basis" 
:172910:58643940:17049592:0:"solve.default" "solve" "R_smooth.FEM.basis" "smooth.FEM.basis" 
:172910:58643940:17049592:0:"solve.default" "solve" "R_smooth.FEM.basis" "smooth.FEM.basis" 
:172910:58643940:17049592:0:"solve.default" "solve" "R_smooth.FEM.basis" "smooth.FEM.basis" 
:172910:58643940:17049592:0:"solve.default" "solve" "R_smooth.FEM.basis" "smooth.FEM.basis" 
:172910:58643940:17049592:0:"solve.default" "solve" "R_smooth.FEM.basis" "smooth.FEM.basis" 
:172910:58643940:17049592:0:"solve.default" "solve" "R_smooth.FEM.basis" "smooth.FEM.basis" 
:172910:58643940:17049592:0:"solve.default" "solve" "R_smooth.FEM.basis" "smooth.FEM.basis" 
:172910:58643940:17049592:0:"solve.default" "solve" "R_smooth.FEM.basis" "smooth.FEM.basis" 
:172910:58643940:17049592:0:"solve.default" "solve" "R_smooth.FEM.basis" "smooth.FEM.basis" 
:172910:58643940:17049592:0:"solve.default" "solve" "R_smooth.FEM.basis" "smooth.FEM.basis" 
:172910:58643940:17049592:0:"solve.default" "solve" "R_smooth.FEM.basis" "smooth.FEM.basis" 
:172910:58643940:17049592:0:"solve.default" "solve" "R_smooth.FEM.basis" "smooth.FEM.basis" 
:172910:58643940:17049592:0:"solve.default" "solve" "R_smooth.FEM.basis" "smooth.FEM.basis" 
:172910:58643940:17049592:0:"solve.default" "solve" "R_smooth.FEM.basis" "smooth.FEM.basis" 
:172910:58643940:17049592:0:"solve.default" "solve" "R_smooth.FEM.basis" "smooth.FEM.basis" 
:172910:58643940:17049592:0:"solve.default" "solve" "R_smooth.FEM.basis" "smooth.FEM.basis" 
:172910:58643940:17049592:0:"solve.default" "solve" "R_smooth.FEM.basis" "smooth.FEM.basis" 
:172910:58643940:17049592:0:"solve.default" "solve" "R_smooth.FEM.basis" "smooth.FEM.basis" 
:172910:58643940:17049592:0:"solve.default" "solve" "R_smooth.FEM.basis" "smooth.FEM.basis" 
:172910:58643940:17049592:0:"solve.default" "solve" "R_smooth.FEM.basis" "smooth.FEM.basis" 
:172910:58643940:17049592:0:"solve.default" "solve" "R_smooth.FEM.basis" "smooth.FEM.basis" 
:172910:58643940:17049592:0:"solve.default" "solve" "R_smooth.FEM.basis" "smooth.FEM.basis" 
:172910:58643940:17049592:0:"solve.default" "solve" "R_smooth.FEM.basis" "smooth.FEM.basis" 
:172910:58643940:17049592:0:"solve.default" "solve" "R_smooth.FEM.basis" "smooth.FEM.basis" 
:172910:58643940:17049592:0:"solve.default" "solve" "R_smooth.FEM.basis" "smooth.FEM.basis" 
:172910:58643940:17049592:0:"solve.default" "solve" "R_smooth.FEM.basis" "smooth.FEM.basis" 
:172910:58643940:17049592:0:"solve.default" "solve" "R_smooth.FEM.basis" "smooth.FEM.basis" 
:172910:58643940:17049592:0:"solve.default" "solve" "R_smooth.FEM.basis" "smooth.FEM.basis" 
:172910:58643940:17049592:0:"solve.default" "solve" "R_smooth.FEM.basis" "smooth.FEM.basis" 
:172910:58643940:17049592:0:"solve.default" "solve" "R_smooth.FEM.basis" "smooth.FEM.basis" 
:172910:58643940:17049592:0:"solve.default" "solve" "R_smooth.FEM.basis" "smooth.FEM.basis" 
:172910:58643940:17049592:0:"solve.default" "solve" "R_smooth.FEM.basis" "smooth.FEM.basis" 
:172910:58643940:17049592:0:"solve.default" "solve" "R_smooth.FEM.basis" "smooth.FEM.basis" 
:172910:58643940:17049592:0:"solve.default" "solve" "R_smooth.FEM.basis" "smooth.FEM.basis" 
:172910:58643940:17049592:0:"solve.default" "solve" "R_smooth.FEM.basis" "smooth.FEM.basis" 
:172910:58643940:17049592:0:"solve.default" "solve" "R_smooth.FEM.basis" "smooth.FEM.basis" 
:172910:58643940:17049592:0:"solve.default" "solve" "R_smooth.FEM.basis" "smooth.FEM.basis" 
:172910:58643940:17049592:0:"solve.default" "solve" "R_smooth.FEM.basis" "smooth.FEM.basis" 
:172910:58643940:17049592:0:"solve.default" "solve" "R_smooth.FEM.basis" "smooth.FEM.basis" 
:172910:58643940:17049592:0:"solve.default" "solve" "R_smooth.FEM.basis" "smooth.FEM.basis" 
:172910:58643940:17049592:0:"solve.default" "solve" "R_smooth.FEM.basis" "smooth.FEM.basis" 
:172910:58643940:17049592:0:"solve.default" "solve" "R_smooth.FEM.basis" "smooth.FEM.basis" 
:172910:58643940:17049592:0:"solve.default" "solve" "R_smooth.FEM.basis" "smooth.FEM.basis" 
:172910:58643940:17049592:0:"solve.default" "solve" "R_smooth.FEM.basis" "smooth.FEM.basis" 
:172910:58643940:17049592:0:"solve.default" "solve" "R_smooth.FEM.basis" "smooth.FEM.basis" 
:172910:58643940:17049592:0:"solve.default" "solve" "R_smooth.FEM.basis" "smooth.FEM.basis" 
:172910:58643940:17049592:0:"solve.default" "solve" "R_smooth.FEM.basis" "smooth.FEM.basis" 
:172910:58643940:17049592:0:"solve.default" "solve" "R_smooth.FEM.basis" "smooth.FEM.basis" 
:172910:58643940:17049592:0:"solve.default" "solve" "R_smooth.FEM.basis" "smooth.FEM.basis" 
:172910:58643940:17049592:0:"solve.default" "solve" "R_smooth.FEM.basis" "smooth.FEM.basis" 
:172910:58643940:17049592:0:"solve.default" "solve" "R_smooth.FEM.basis" "smooth.FEM.basis" 
:172910:58643940:17049592:0:"solve.default" "solve" "R_smooth.FEM.basis" "smooth.FEM.basis" 
:172910:58643940:17049592:0:"solve.default" "solve" "R_smooth.FEM.basis" "smooth.FEM.basis" 
:172910:58643940:17049592:0:"solve.default" "solve" "R_smooth.FEM.basis" "smooth.FEM.basis" 
:172910:58643940:17049592:0:"solve.default" "solve" "R_smooth.FEM.basis" "smooth.FEM.basis" 
:172910:58643940:17049592:0:"solve.default" "solve" "R_smooth.FEM.basis" "smooth.FEM.basis" 
:172910:58643940:17049592:0:"solve.default" "solve" "R_smooth.FEM.basis" "smooth.FEM.basis" 
:172910:58643940:17049592:0:"solve.default" "solve" "R_smooth.FEM.basis" "smooth.FEM.basis" 
:172910:58643940:17049592:0:"solve.default" "solve" "R_smooth.FEM.basis" "smooth.FEM.basis" 
:172910:58643940:17049592:0:"solve.default" "solve" "R_smooth.FEM.basis" "smooth.FEM.basis" 
:172910:58643940:17049592:0:"solve.default" "solve" "R_smooth.FEM.basis" "smooth.FEM.basis" 
:172910:58643940:17049592:0:"solve.default" "solve" "R_smooth.FEM.basis" "smooth.FEM.basis" 
:172910:58643940:17049592:0:"solve.default" "solve" "R_smooth.FEM.basis" "smooth.FEM.basis" 
:172910:58643940:17049592:0:"solve.default" "solve" "R_smooth.FEM.basis" "smooth.FEM.basis" 
:172910:58643940:17049592:0:"solve.default" "solve" "R_smooth.FEM.basis" "smooth.FEM.basis" 
:172910:58643940:17049592:0:"solve.default" "solve" "R_smooth.FEM.basis" "smooth.FEM.basis" 
:172910:58643940:17049592:0:"solve.default" "solve" "R_smooth.FEM.basis" "smooth.FEM.basis" 
:172910:58643940:17049592:0:"solve.default" "solve" "R_smooth.FEM.basis" "smooth.FEM.basis" 
:172910:58643940:17049592:0:"solve.default" "solve" "R_smooth.FEM.basis" "smooth.FEM.basis" 
:172910:58643940:17049592:0:"solve.default" "solve" "R_smooth.FEM.basis" "smooth.FEM.basis" 
:172910:58643940:17049592:0:"solve.default" "solve" "R_smooth.FEM.basis" "smooth.FEM.basis" 
:172910:58643940:17049592:0:"solve.default" "solve" "R_smooth.FEM.basis" "smooth.FEM.basis" 
:172910:58643940:17049592:0:"solve.default" "solve" "R_smooth.FEM.basis" "smooth.FEM.basis" 
:172910:58643940:17049592:0:"solve.default" "solve" "R_smooth.FEM.basis" "smooth.FEM.basis" 
:172910:58643940:17049592:0:"solve.default" "solve" "R_smooth.FEM.basis" "smooth.FEM.basis" 
:172910:58643940:17049592:0:"solve.default" "solve" "R_smooth.FEM.basis" "smooth.FEM.basis" 
:172910:58643940:17049592:0:"solve.default" "solve" "R_smooth.FEM.basis" "smooth.FEM.basis" 
:172910:58643940:17049592:0:"solve.default" "solve" "R_smooth.FEM.basis" "smooth.FEM.basis" 
:172910:58643940:17049592:0:"solve.default" "solve" "R_smooth.FEM.basis" "smooth.FEM.basis" 
:172910:58643940:17049592:0:"solve.default" "solve" "R_smooth.FEM.basis" "smooth.FEM.basis" 
:172910:58643940:17049592:0:"solve.default" "solve" "R_smooth.FEM.basis" "smooth.FEM.basis" 
:172910:58643940:17049592:0:"solve.default" "solve" "R_smooth.FEM.basis" "smooth.FEM.basis" 
:172910:58643940:17049592:0:"solve.default" "solve" "R_smooth.FEM.basis" "smooth.FEM.basis" 
:172910:58643940:17049592:0:"solve.default" "solve" "R_smooth.FEM.basis" "smooth.FEM.basis" 
:172910:58643940:17049592:0:"solve.default" "solve" "R_smooth.FEM.basis" "smooth.FEM.basis" 
:172910:58643940:17049592:0:"solve.default" "solve" "R_smooth.FEM.basis" "smooth.FEM.basis" 
:172910:58643940:17049592:0:"solve.default" "solve" "R_smooth.FEM.basis" "smooth.FEM.basis" 
:172910:58643940:17049592:0:"solve.default" "solve" "R_smooth.FEM.basis" "smooth.FEM.basis" 
:172910:58643940:17049592:0:"solve.default" "solve" "R_smooth.FEM.basis" "smooth.FEM.basis" 
:172910:58643940:17049592:0:"solve.default" "solve" "R_smooth.FEM.basis" "smooth.FEM.basis" 
:172910:58643940:17049592:0:"solve.default" "solve" "R_smooth.FEM.basis" "smooth.FEM.basis" 
:172910:58643940:17049592:0:"solve.default" "solve" "R_smooth.FEM.basis" "smooth.FEM.basis" 
:172910:58643940:17049592:0:"solve.default" "solve" "R_smooth.FEM.basis" "smooth.FEM.basis" 
:172910:58643940:17049592:0:"solve.default" "solve" "R_smooth.FEM.basis" "smooth.FEM.basis" 
:172910:58643940:17049592:0:"solve.default" "solve" "R_smooth.FEM.basis" "smooth.FEM.basis" 
:172910:58643940:17049592:0:"solve.default" "solve" "R_smooth.FEM.basis" "smooth.FEM.basis" 
:172910:58643940:17049592:0:"solve.default" "solve" "R_smooth.FEM.basis" "smooth.FEM.basis" 
:172910:58643940:17049592:0:"solve.default" "solve" "R_smooth.FEM.basis" "smooth.FEM.basis" 
:172910:58643940:17049592:0:"solve.default" "solve" "R_smooth.FEM.basis" "smooth.FEM.basis" 
:172910:58643940:17049592:0:"solve.default" "solve" "R_smooth.FEM.basis" "smooth.FEM.basis" 
:172910:58643940:17049592:0:"solve.default" "solve" "R_smooth.FEM.basis" "smooth.FEM.basis" 
:172910:58643940:17049592:0:"solve.default" "solve" "R_smooth.FEM.basis" "smooth.FEM.basis" 
:172910:58643940:17049592:0:"solve.default" "solve" "R_smooth.FEM.basis" "smooth.FEM.basis" 
:172910:58643940:17049592:0:"solve.default" "solve" "R_smooth.FEM.basis" "smooth.FEM.basis" 
:172910:58643940:17049592:0:"solve.default" "solve" "R_smooth.FEM.basis" "smooth.FEM.basis" 
:172910:58643940:17049592:0:"solve.default" "solve" "R_smooth.FEM.basis" "smooth.FEM.basis" 
:172910:58643940:17049592:0:"solve.default" "solve" "R_smooth.FEM.basis" "smooth.FEM.basis" 
:172910:58643940:17049592:0:"solve.default" "solve" "R_smooth.FEM.basis" "smooth.FEM.basis" 
:172910:58643940:17049592:0:"solve.default" "solve" "R_smooth.FEM.basis" "smooth.FEM.basis" 
:172910:58643940:17049592:0:"solve.default" "solve" "R_smooth.FEM.basis" "smooth.FEM.basis" 
:172910:58643940:17049592:0:"solve.default" "solve" "R_smooth.FEM.basis" "smooth.FEM.basis" 
:172910:58643940:17049592:0:"solve.default" "solve" "R_smooth.FEM.basis" "smooth.FEM.basis" 
:172910:58643940:17049592:0:"solve.default" "solve" "R_smooth.FEM.basis" "smooth.FEM.basis" 
:172910:58643940:17049592:0:"solve.default" "solve" "R_smooth.FEM.basis" "smooth.FEM.basis" 
:172910:58643940:17049592:0:"solve.default" "solve" "R_smooth.FEM.basis" "smooth.FEM.basis" 
:172910:58643940:17049592:0:"solve.default" "solve" "R_smooth.FEM.basis" "smooth.FEM.basis" 
:172910:58643940:17049592:0:"solve.default" "solve" "R_smooth.FEM.basis" "smooth.FEM.basis" 
:172910:58643940:17049592:0:"solve.default" "solve" "R_smooth.FEM.basis" "smooth.FEM.basis" 
:172910:58643940:17049592:0:"solve.default" "solve" "R_smooth.FEM.basis" "smooth.FEM.basis" 
:172910:58643940:17049592:0:"solve.default" "solve" "R_smooth.FEM.basis" "smooth.FEM.basis" 
:172910:58643940:17049592:0:"solve.default" "solve" "R_smooth.FEM.basis" "smooth.FEM.basis" 
:172910:58643940:17049592:0:"solve.default" "solve" "R_smooth.FEM.basis" "smooth.FEM.basis" 
:172910:58643940:17049592:0:"solve.default" "solve" "R_smooth.FEM.basis" "smooth.FEM.basis" 
:172910:58643940:17049592:0:"solve.default" "solve" "R_smooth.FEM.basis" "smooth.FEM.basis" 
:172910:58643940:17049592:0:"solve.default" "solve" "R_smooth.FEM.basis" "smooth.FEM.basis" 
:172910:58643940:17049592:0:"solve.default" "solve" "R_smooth.FEM.basis" "smooth.FEM.basis" 
:172910:58643940:17049592:0:"solve.default" "solve" "R_smooth.FEM.basis" "smooth.FEM.basis" 
:172910:58643940:17049592:0:"solve.default" "solve" "R_smooth.FEM.basis" "smooth.FEM.basis" 
:172910:58643940:17049592:0:"solve.default" "solve" "R_smooth.FEM.basis" "smooth.FEM.basis" 
:172910:58643940:17049592:0:"solve.default" "solve" "R_smooth.FEM.basis" "smooth.FEM.basis" 
:172910:58643940:17049592:0:"solve.default" "solve" "R_smooth.FEM.basis" "smooth.FEM.basis" 
:172910:58643940:17049592:0:"solve.default" "solve" "R_smooth.FEM.basis" "smooth.FEM.basis" 
:172910:58643940:17049592:0:"solve.default" "solve" "R_smooth.FEM.basis" "smooth.FEM.basis" 
:172910:58643940:17049592:0:"solve.default" "solve" "R_smooth.FEM.basis" "smooth.FEM.basis" 
:172910:58643940:17049592:0:"solve.default" "solve" "R_smooth.FEM.basis" "smooth.FEM.basis" 
:172910:58643940:17049592:0:"solve.default" "solve" "R_smooth.FEM.basis" "smooth.FEM.basis" 
:172910:58643940:17049592:0:"solve.default" "solve" "R_smooth.FEM.basis" "smooth.FEM.basis" 
:172910:58643940:17049592:0:"solve.default" "solve" "R_smooth.FEM.basis" "smooth.FEM.basis" 
:172910:58643940:17049592:0:"solve.default" "solve" "R_smooth.FEM.basis" "smooth.FEM.basis" 
:172910:58643940:17049592:0:"solve.default" "solve" "R_smooth.FEM.basis" "smooth.FEM.basis" 
:172910:58643940:17049592:0:"solve.default" "solve" "R_smooth.FEM.basis" "smooth.FEM.basis" 
:172910:58643940:17049592:0:"solve.default" "solve" "R_smooth.FEM.basis" "smooth.FEM.basis" 
:172910:58643940:17049592:0:"solve.default" "solve" "R_smooth.FEM.basis" "smooth.FEM.basis" 
:172910:58643940:17049592:0:"solve.default" "solve" "R_smooth.FEM.basis" "smooth.FEM.basis" 
:172910:58643940:17049592:0:"solve.default" "solve" "R_smooth.FEM.basis" "smooth.FEM.basis" 
:172910:58643940:17049592:0:"solve.default" "solve" "R_smooth.FEM.basis" "smooth.FEM.basis" 
:172910:58643940:17049592:0:"solve.default" "solve" "R_smooth.FEM.basis" "smooth.FEM.basis" 
:172910:58643940:17049592:0:"solve.default" "solve" "R_smooth.FEM.basis" "smooth.FEM.basis" 
:172910:58643940:17049592:0:"solve.default" "solve" "R_smooth.FEM.basis" "smooth.FEM.basis" 
:172910:58643940:17049592:0:"solve.default" "solve" "R_smooth.FEM.basis" "smooth.FEM.basis" 
:172910:58643940:17049592:0:"solve.default" "solve" "R_smooth.FEM.basis" "smooth.FEM.basis" 
:172910:58643940:17049592:0:"solve.default" "solve" "R_smooth.FEM.basis" "smooth.FEM.basis" 
:172910:58643940:17049592:0:"solve.default" "solve" "R_smooth.FEM.basis" "smooth.FEM.basis" 
:172910:58643940:17049592:0:"solve.default" "solve" "R_smooth.FEM.basis" "smooth.FEM.basis" 
:172910:58643940:17049592:0:"solve.default" "solve" "R_smooth.FEM.basis" "smooth.FEM.basis" 
:172910:58643940:17049592:0:"solve.default" "solve" "R_smooth.FEM.basis" "smooth.FEM.basis" 
:172910:58643940:17049592:0:"solve.default" "solve" "R_smooth.FEM.basis" "smooth.FEM.basis" 
:172910:58643940:17049592:0:"solve.default" "solve" "R_smooth.FEM.basis" "smooth.FEM.basis" 
:172910:58643940:17049592:0:"solve.default" "solve" "R_smooth.FEM.basis" "smooth.FEM.basis" 
:172910:58643940:17049592:0:"solve.default" "solve" "R_smooth.FEM.basis" "smooth.FEM.basis" 
:172910:58643940:17049592:0:"solve.default" "solve" "R_smooth.FEM.basis" "smooth.FEM.basis" 
:172910:58643940:17049592:0:"solve.default" "solve" "R_smooth.FEM.basis" "smooth.FEM.basis" 
:172910:58643940:17049592:0:"solve.default" "solve" "R_smooth.FEM.basis" "smooth.FEM.basis" 
:172910:58643940:17049592:0:"solve.default" "solve" "R_smooth.FEM.basis" "smooth.FEM.basis" 
:172910:58643940:17049592:0:"solve.default" "solve" "R_smooth.FEM.basis" "smooth.FEM.basis" 
:172910:58643940:17049592:0:"solve.default" "solve" "R_smooth.FEM.basis" "smooth.FEM.basis" 
:172910:58643940:17049592:0:"solve.default" "solve" "R_smooth.FEM.basis" "smooth.FEM.basis" 
:172910:58643940:17049592:0:"solve.default" "solve" "R_smooth.FEM.basis" "smooth.FEM.basis" 
:172910:58643940:17049592:0:"solve.default" "solve" "R_smooth.FEM.basis" "smooth.FEM.basis" 
:172910:58643940:17049592:0:"solve.default" "solve" "R_smooth.FEM.basis" "smooth.FEM.basis" 
:172910:58643940:17049592:0:"solve.default" "solve" "R_smooth.FEM.basis" "smooth.FEM.basis" 
:172910:58643940:17049592:0:"solve.default" "solve" "R_smooth.FEM.basis" "smooth.FEM.basis" 
:172910:58643940:17049592:0:"solve.default" "solve" "R_smooth.FEM.basis" "smooth.FEM.basis" 
:172910:58643940:17049592:0:"solve.default" "solve" "R_smooth.FEM.basis" "smooth.FEM.basis" 
:172910:58643940:17049592:0:"solve.default" "solve" "R_smooth.FEM.basis" "smooth.FEM.basis" 
:172910:58643940:17049592:0:"solve.default" "solve" "R_smooth.FEM.basis" "smooth.FEM.basis" 
:172910:58643940:17049592:0:"solve.default" "solve" "R_smooth.FEM.basis" "smooth.FEM.basis" 
:172910:58643940:17049592:0:"solve.default" "solve" "R_smooth.FEM.basis" "smooth.FEM.basis" 
:172910:58643940:17049592:0:"solve.default" "solve" "R_smooth.FEM.basis" "smooth.FEM.basis" 
:172910:58643940:17049592:0:"solve.default" "solve" "R_smooth.FEM.basis" "smooth.FEM.basis" 
:172910:58643940:17049592:0:"solve.default" "solve" "R_smooth.FEM.basis" "smooth.FEM.basis" 
:172910:58643940:17049592:0:"solve.default" "solve" "R_smooth.FEM.basis" "smooth.FEM.basis" 
:172910:58643940:17049592:0:"solve.default" "solve" "R_smooth.FEM.basis" "smooth.FEM.basis" 
:172910:58643940:17049592:0:"solve.default" "solve" "R_smooth.FEM.basis" "smooth.FEM.basis" 
:172910:58643940:17049592:0:"solve.default" "solve" "R_smooth.FEM.basis" "smooth.FEM.basis" 
:172910:58643940:17049592:0:"solve.default" "solve" "R_smooth.FEM.basis" "smooth.FEM.basis" 
:172910:58643940:17049592:0:"solve.default" "solve" "R_smooth.FEM.basis" "smooth.FEM.basis" 
:172910:58643940:17049592:0:"solve.default" "solve" "R_smooth.FEM.basis" "smooth.FEM.basis" 
:172910:58643940:17049592:0:"solve.default" "solve" "R_smooth.FEM.basis" "smooth.FEM.basis" 
:172910:58643940:17049592:0:"solve.default" "solve" "R_smooth.FEM.basis" "smooth.FEM.basis" 
:172910:58643940:17049592:0:"solve.default" "solve" "R_smooth.FEM.basis" "smooth.FEM.basis" 
:172910:58643940:17049592:0:"solve.default" "solve" "R_smooth.FEM.basis" "smooth.FEM.basis" 
:172910:58643940:17049592:0:"solve.default" "solve" "R_smooth.FEM.basis" "smooth.FEM.basis" 
:172910:58643940:17049592:0:"solve.default" "solve" "R_smooth.FEM.basis" "smooth.FEM.basis" 
:172910:58643940:17049592:0:"solve.default" "solve" "R_smooth.FEM.basis" "smooth.FEM.basis" 
:172910:58643940:17049592:0:"solve.default" "solve" "R_smooth.FEM.basis" "smooth.FEM.basis" 
:172910:58643940:17049592:0:"solve.default" "solve" "R_smooth.FEM.basis" "smooth.FEM.basis" 
:172910:58643940:17049592:0:"solve.default" "solve" "R_smooth.FEM.basis" "smooth.FEM.basis" 
:172910:58643940:17049592:0:"solve.default" "solve" "R_smooth.FEM.basis" "smooth.FEM.basis" 
:172910:58643940:17049592:0:"solve.default" "solve" "R_smooth.FEM.basis" "smooth.FEM.basis" 
:172910:58643940:17049592:0:"solve.default" "solve" "R_smooth.FEM.basis" "smooth.FEM.basis" 
:172910:58643940:17049592:0:"solve.default" "solve" "R_smooth.FEM.basis" "smooth.FEM.basis" 
:172910:58643940:17049592:0:"solve.default" "solve" "R_smooth.FEM.basis" "smooth.FEM.basis" 
:172910:58643940:17049592:0:"solve.default" "solve" "R_smooth.FEM.basis" "smooth.FEM.basis" 
:172910:58643940:17049592:0:"solve.default" "solve" "R_smooth.FEM.basis" "smooth.FEM.basis" 
:172910:58643940:17049592:0:"solve.default" "solve" "R_smooth.FEM.basis" "smooth.FEM.basis" 
:172910:58643940:17049592:0:"solve.default" "solve" "R_smooth.FEM.basis" "smooth.FEM.basis" 
:172910:58643940:17049592:0:"solve.default" "solve" "R_smooth.FEM.basis" "smooth.FEM.basis" 
:172910:58643940:17049592:0:"solve.default" "solve" "R_smooth.FEM.basis" "smooth.FEM.basis" 
:172910:58643940:17049592:0:"solve.default" "solve" "R_smooth.FEM.basis" "smooth.FEM.basis" 
:172910:58643940:17049592:0:"solve.default" "solve" "R_smooth.FEM.basis" "smooth.FEM.basis" 
:172910:58643940:17049592:0:"solve.default" "solve" "R_smooth.FEM.basis" "smooth.FEM.basis" 
:172910:58643940:17049592:0:"solve.default" "solve" "R_smooth.FEM.basis" "smooth.FEM.basis" 
:172910:58643940:17049592:0:"solve.default" "solve" "R_smooth.FEM.basis" "smooth.FEM.basis" 
:172910:58643940:17049592:0:"solve.default" "solve" "R_smooth.FEM.basis" "smooth.FEM.basis" 
:172910:58643940:17049592:0:"solve.default" "solve" "R_smooth.FEM.basis" "smooth.FEM.basis" 
:172910:58643940:17049592:0:"solve.default" "solve" "R_smooth.FEM.basis" "smooth.FEM.basis" 
:172910:58643940:17049592:0:"solve.default" "solve" "R_smooth.FEM.basis" "smooth.FEM.basis" 
:172910:58643940:17049592:0:"solve.default" "solve" "R_smooth.FEM.basis" "smooth.FEM.basis" 
:172910:58643940:17049592:0:"solve.default" "solve" "R_smooth.FEM.basis" "smooth.FEM.basis" 
:172910:58643940:17049592:0:"solve.default" "solve" "R_smooth.FEM.basis" "smooth.FEM.basis" 
:172910:58643940:17049592:0:"solve.default" "solve" "R_smooth.FEM.basis" "smooth.FEM.basis" 
:172910:58643940:17049592:0:"solve.default" "solve" "R_smooth.FEM.basis" "smooth.FEM.basis" 
:172910:58643940:17049592:0:"solve.default" "solve" "R_smooth.FEM.basis" "smooth.FEM.basis" 
:172910:58643940:17049592:0:"solve.default" "solve" "R_smooth.FEM.basis" "smooth.FEM.basis" 
:172910:58643940:17049592:0:"solve.default" "solve" "R_smooth.FEM.basis" "smooth.FEM.basis" 
:172910:58643940:17049592:0:"solve.default" "solve" "R_smooth.FEM.basis" "smooth.FEM.basis" 
:172910:58643940:17049592:0:"solve.default" "solve" "R_smooth.FEM.basis" "smooth.FEM.basis" 
:172910:58643940:17049592:0:"solve.default" "solve" "R_smooth.FEM.basis" "smooth.FEM.basis" 
:172910:58643940:17049592:0:"solve.default" "solve" "R_smooth.FEM.basis" "smooth.FEM.basis" 
:172910:58643940:17049592:0:"solve.default" "solve" "R_smooth.FEM.basis" "smooth.FEM.basis" 
:172910:58643940:17049592:0:"solve.default" "solve" "R_smooth.FEM.basis" "smooth.FEM.basis" 
:172910:58643940:17049592:0:"solve.default" "solve" "R_smooth.FEM.basis" "smooth.FEM.basis" 
:172910:58643940:17049592:0:"solve.default" "solve" "R_smooth.FEM.basis" "smooth.FEM.basis" 
:172910:58643940:17049592:0:"solve.default" "solve" "R_smooth.FEM.basis" "smooth.FEM.basis" 
:172910:58643940:17049592:0:"solve.default" "solve" "R_smooth.FEM.basis" "smooth.FEM.basis" 
:172910:58643940:17049592:0:"solve.default" "solve" "R_smooth.FEM.basis" "smooth.FEM.basis" 
:172910:58643940:17049592:0:"solve.default" "solve" "R_smooth.FEM.basis" "smooth.FEM.basis" 
:172910:58643940:17049592:0:"solve.default" "solve" "R_smooth.FEM.basis" "smooth.FEM.basis" 
:172910:58643940:17049592:0:"solve.default" "solve" "R_smooth.FEM.basis" "smooth.FEM.basis" 
:172910:58643940:17049592:0:"solve.default" "solve" "R_smooth.FEM.basis" "smooth.FEM.basis" 
:172910:58643940:17049592:0:"solve.default" "solve" "R_smooth.FEM.basis" "smooth.FEM.basis" 
:172910:58643940:17049592:0:"solve.default" "solve" "R_smooth.FEM.basis" "smooth.FEM.basis" 
:172910:58643940:17049592:0:"solve.default" "solve" "R_smooth.FEM.basis" "smooth.FEM.basis" 
:172910:58643940:17049592:0:"solve.default" "solve" "R_smooth.FEM.basis" "smooth.FEM.basis" 
:172910:58643940:17049592:0:"solve.default" "solve" "R_smooth.FEM.basis" "smooth.FEM.basis" 
:172910:58643940:17049592:0:"solve.default" "solve" "R_smooth.FEM.basis" "smooth.FEM.basis" 
:172910:58643940:17049592:0:"solve.default" "solve" "R_smooth.FEM.basis" "smooth.FEM.basis" 
:172910:58643940:17049592:0:"solve.default" "solve" "R_smooth.FEM.basis" "smooth.FEM.basis" 
:172910:58643940:17049592:0:"solve.default" "solve" "R_smooth.FEM.basis" "smooth.FEM.basis" 
:172910:58643940:17049592:0:"solve.default" "solve" "R_smooth.FEM.basis" "smooth.FEM.basis" 
:172910:58643940:17049592:0:"solve.default" "solve" "R_smooth.FEM.basis" "smooth.FEM.basis" 
:172910:58643940:17049592:0:"solve.default" "solve" "R_smooth.FEM.basis" "smooth.FEM.basis" 
:172910:58643940:17049592:0:"solve.default" "solve" "R_smooth.FEM.basis" "smooth.FEM.basis" 
:172910:58643940:17049592:0:"solve.default" "solve" "R_smooth.FEM.basis" "smooth.FEM.basis" 
:172910:58643940:17049592:0:"solve.default" "solve" "R_smooth.FEM.basis" "smooth.FEM.basis" 
:172910:58643940:17049592:0:"solve.default" "solve" "R_smooth.FEM.basis" "smooth.FEM.basis" 
:172910:58643940:17049592:0:"solve.default" "solve" "R_smooth.FEM.basis" "smooth.FEM.basis" 
:172910:58643940:17049592:0:"solve.default" "solve" "R_smooth.FEM.basis" "smooth.FEM.basis" 
:172910:58643940:17049592:0:"solve.default" "solve" "R_smooth.FEM.basis" "smooth.FEM.basis" 
:172910:58643940:17049592:0:"solve.default" "solve" "R_smooth.FEM.basis" "smooth.FEM.basis" 
:172910:58643940:17049592:0:"solve.default" "solve" "R_smooth.FEM.basis" "smooth.FEM.basis" 
:172910:58643940:17049592:0:"solve.default" "solve" "R_smooth.FEM.basis" "smooth.FEM.basis" 
:172910:58643940:17049592:0:"solve.default" "solve" "R_smooth.FEM.basis" "smooth.FEM.basis" 
:172910:58643940:17049592:0:"solve.default" "solve" "R_smooth.FEM.basis" "smooth.FEM.basis" 
:172910:58643940:17049592:0:"solve.default" "solve" "R_smooth.FEM.basis" "smooth.FEM.basis" 
:172910:58643940:17049592:0:"solve.default" "solve" "R_smooth.FEM.basis" "smooth.FEM.basis" 
:172910:58643940:17049592:0:"solve.default" "solve" "R_smooth.FEM.basis" "smooth.FEM.basis" 
:172910:58643940:17049592:0:"solve.default" "solve" "R_smooth.FEM.basis" "smooth.FEM.basis" 
:172910:58643940:17049592:0:"solve.default" "solve" "R_smooth.FEM.basis" "smooth.FEM.basis" 
:172910:58643940:17049592:0:"solve.default" "solve" "R_smooth.FEM.basis" "smooth.FEM.basis" 
:172910:58643940:17049592:0:"solve.default" "solve" "R_smooth.FEM.basis" "smooth.FEM.basis" 
:172910:58643940:17049592:0:"solve.default" "solve" "R_smooth.FEM.basis" "smooth.FEM.basis" 
:172910:58643940:17049592:0:"solve.default" "solve" "R_smooth.FEM.basis" "smooth.FEM.basis" 
:172910:58643940:17049592:0:"solve.default" "solve" "R_smooth.FEM.basis" "smooth.FEM.basis" 
:172910:58643940:17049592:0:"solve.default" "solve" "R_smooth.FEM.basis" "smooth.FEM.basis" 
:172910:58643940:17049592:0:"solve.default" "solve" "R_smooth.FEM.basis" "smooth.FEM.basis" 
:172910:58643940:17049592:0:"solve.default" "solve" "R_smooth.FEM.basis" "smooth.FEM.basis" 
:172910:58643940:17049592:0:"solve.default" "solve" "R_smooth.FEM.basis" "smooth.FEM.basis" 
:172910:58643940:17049592:0:"solve.default" "solve" "R_smooth.FEM.basis" "smooth.FEM.basis" 
:172910:58643940:17049592:0:"solve.default" "solve" "R_smooth.FEM.basis" "smooth.FEM.basis" 
:172910:58643940:17049592:0:"solve.default" "solve" "R_smooth.FEM.basis" "smooth.FEM.basis" 
:172910:58643940:17049592:0:"solve.default" "solve" "R_smooth.FEM.basis" "smooth.FEM.basis" 
:172910:58643940:17049592:0:"solve.default" "solve" "R_smooth.FEM.basis" "smooth.FEM.basis" 
:172910:58643940:17049592:0:"solve.default" "solve" "R_smooth.FEM.basis" "smooth.FEM.basis" 
:172910:58643940:17049592:0:"solve.default" "solve" "R_smooth.FEM.basis" "smooth.FEM.basis" 
:172910:58643940:17049592:0:"solve.default" "solve" "R_smooth.FEM.basis" "smooth.FEM.basis" 
:172910:58643940:17049592:0:"solve.default" "solve" "R_smooth.FEM.basis" "smooth.FEM.basis" 
:172910:58643940:17049592:0:"solve.default" "solve" "R_smooth.FEM.basis" "smooth.FEM.basis" 
:172910:58643940:17049592:0:"solve.default" "solve" "R_smooth.FEM.basis" "smooth.FEM.basis" 
:172910:58643940:17049592:0:"solve.default" "solve" "R_smooth.FEM.basis" "smooth.FEM.basis" 
:172910:58643940:17049592:0:"solve.default" "solve" "R_smooth.FEM.basis" "smooth.FEM.basis" 
:172910:58643940:17049592:0:"solve.default" "solve" "R_smooth.FEM.basis" "smooth.FEM.basis" 
:172910:58643940:17049592:0:"solve.default" "solve" "R_smooth.FEM.basis" "smooth.FEM.basis" 
:172910:58643940:17049592:0:"solve.default" "solve" "R_smooth.FEM.basis" "smooth.FEM.basis" 
:172910:58643940:17049592:0:"solve.default" "solve" "R_smooth.FEM.basis" "smooth.FEM.basis" 
:172910:58643940:17049592:0:"solve.default" "solve" "R_smooth.FEM.basis" "smooth.FEM.basis" 
:172910:58643940:17049592:0:"solve.default" "solve" "R_smooth.FEM.basis" "smooth.FEM.basis" 
:172910:58643940:17049592:0:"solve.default" "solve" "R_smooth.FEM.basis" "smooth.FEM.basis" 
:172910:58643940:17049592:0:"solve.default" "solve" "R_smooth.FEM.basis" "smooth.FEM.basis" 
:172910:58643940:17049592:0:"solve.default" "solve" "R_smooth.FEM.basis" "smooth.FEM.basis" 
:172910:58643940:17049592:0:"solve.default" "solve" "R_smooth.FEM.basis" "smooth.FEM.basis" 
:172910:58643940:17049592:0:"solve.default" "solve" "R_smooth.FEM.basis" "smooth.FEM.basis" 
:172910:58643940:17049592:0:"solve.default" "solve" "R_smooth.FEM.basis" "smooth.FEM.basis" 
:172910:58643940:17049592:0:"solve.default" "solve" "R_smooth.FEM.basis" "smooth.FEM.basis" 
:172910:58643940:17049592:0:"solve.default" "solve" "R_smooth.FEM.basis" "smooth.FEM.basis" 
:172910:58643940:17049592:0:"solve.default" "solve" "R_smooth.FEM.basis" "smooth.FEM.basis" 
:172910:58643940:17049592:0:"solve.default" "solve" "R_smooth.FEM.basis" "smooth.FEM.basis" 
:172910:58643940:17049592:0:"solve.default" "solve" "R_smooth.FEM.basis" "smooth.FEM.basis" 
:172910:58643940:17049592:0:"solve.default" "solve" "R_smooth.FEM.basis" "smooth.FEM.basis" 
:172910:58643940:17049592:0:"solve.default" "solve" "R_smooth.FEM.basis" "smooth.FEM.basis" 
:172910:58643940:17049592:0:"solve.default" "solve" "R_smooth.FEM.basis" "smooth.FEM.basis" 
:172910:58643940:17049592:0:"solve.default" "solve" "R_smooth.FEM.basis" "smooth.FEM.basis" 
:172910:58643940:17049592:0:"solve.default" "solve" "R_smooth.FEM.basis" "smooth.FEM.basis" 
:172910:58643940:17049592:0:"solve.default" "solve" "R_smooth.FEM.basis" "smooth.FEM.basis" 
:172910:58643940:17049592:0:"solve.default" "solve" "R_smooth.FEM.basis" "smooth.FEM.basis" 
:172910:58643940:17049592:0:"solve.default" "solve" "R_smooth.FEM.basis" "smooth.FEM.basis" 
:172910:58643940:17049592:0:"solve.default" "solve" "R_smooth.FEM.basis" "smooth.FEM.basis" 
:172910:58643940:17049592:0:"solve.default" "solve" "R_smooth.FEM.basis" "smooth.FEM.basis" 
:172910:58643940:17049592:0:"solve.default" "solve" "R_smooth.FEM.basis" "smooth.FEM.basis" 
:172910:58643940:17049592:0:"solve.default" "solve" "R_smooth.FEM.basis" "smooth.FEM.basis" 
:172910:58643940:17049592:0:"solve.default" "solve" "R_smooth.FEM.basis" "smooth.FEM.basis" 
:172910:58643940:17049592:0:"solve.default" "solve" "R_smooth.FEM.basis" "smooth.FEM.basis" 
:172910:58643940:17049592:0:"solve.default" "solve" "R_smooth.FEM.basis" "smooth.FEM.basis" 
:172910:58643940:17049592:0:"solve.default" "solve" "R_smooth.FEM.basis" "smooth.FEM.basis" 
:172910:58643940:17049592:0:"solve.default" "solve" "R_smooth.FEM.basis" "smooth.FEM.basis" 
:172910:58643940:17049592:0:"solve.default" "solve" "R_smooth.FEM.basis" "smooth.FEM.basis" 
:172910:58643940:17049592:0:"solve.default" "solve" "R_smooth.FEM.basis" "smooth.FEM.basis" 
:172910:58643940:17049592:0:"solve.default" "solve" "R_smooth.FEM.basis" "smooth.FEM.basis" 
:172910:58643940:17049592:0:"solve.default" "solve" "R_smooth.FEM.basis" "smooth.FEM.basis" 
:172910:58643940:17049592:0:"solve.default" "solve" "R_smooth.FEM.basis" "smooth.FEM.basis" 
:172910:58643940:17049592:0:"solve.default" "solve" "R_smooth.FEM.basis" "smooth.FEM.basis" 
:172910:58643940:17049592:0:"solve.default" "solve" "R_smooth.FEM.basis" "smooth.FEM.basis" 
:172910:58643940:17049592:0:"solve.default" "solve" "R_smooth.FEM.basis" "smooth.FEM.basis" 
:172910:58643940:17049592:0:"solve.default" "solve" "R_smooth.FEM.basis" "smooth.FEM.basis" 
:172910:58643940:17049592:0:"solve.default" "solve" "R_smooth.FEM.basis" "smooth.FEM.basis" 
:172910:58643940:17049592:0:"solve.default" "solve" "R_smooth.FEM.basis" "smooth.FEM.basis" 
:172910:58643940:17049592:0:"solve.default" "solve" "R_smooth.FEM.basis" "smooth.FEM.basis" 
:172910:58643940:17049592:0:"solve.default" "solve" "R_smooth.FEM.basis" "smooth.FEM.basis" 
:172910:58643940:17049592:0:"solve.default" "solve" "R_smooth.FEM.basis" "smooth.FEM.basis" 
:172910:58643940:17049592:0:"solve.default" "solve" "R_smooth.FEM.basis" "smooth.FEM.basis" 
:172910:58643940:17049592:0:"solve.default" "solve" "R_smooth.FEM.basis" "smooth.FEM.basis" 
:172910:58643940:17049592:0:"solve.default" "solve" "R_smooth.FEM.basis" "smooth.FEM.basis" 
:172910:58643940:17049592:0:"solve.default" "solve" "R_smooth.FEM.basis" "smooth.FEM.basis" 
:172910:58643940:17049592:0:"solve.default" "solve" "R_smooth.FEM.basis" "smooth.FEM.basis" 
:172910:58643940:17049592:0:"solve.default" "solve" "R_smooth.FEM.basis" "smooth.FEM.basis" 
:172910:58643940:17049592:0:"solve.default" "solve" "R_smooth.FEM.basis" "smooth.FEM.basis" 
:172910:58643940:17049592:0:"solve.default" "solve" "R_smooth.FEM.basis" "smooth.FEM.basis" 
:172910:58643940:17049592:0:"solve.default" "solve" "R_smooth.FEM.basis" "smooth.FEM.basis" 
:172910:58643940:17049592:0:"solve.default" "solve" "R_smooth.FEM.basis" "smooth.FEM.basis" 
:172910:58643940:17049592:0:"solve.default" "solve" "R_smooth.FEM.basis" "smooth.FEM.basis" 
:172910:58643940:17049592:0:"solve.default" "solve" "R_smooth.FEM.basis" "smooth.FEM.basis" 
:172910:58643940:17049592:0:"solve.default" "solve" "R_smooth.FEM.basis" "smooth.FEM.basis" 
:172910:58643940:17049592:0:"solve.default" "solve" "R_smooth.FEM.basis" "smooth.FEM.basis" 
:172910:58643940:17049592:0:"solve.default" "solve" "R_smooth.FEM.basis" "smooth.FEM.basis" 
:172910:58643940:17049592:0:"solve.default" "solve" "R_smooth.FEM.basis" "smooth.FEM.basis" 
:172910:58643940:17049592:0:"solve.default" "solve" "R_smooth.FEM.basis" "smooth.FEM.basis" 
:172910:58643940:17049592:0:"solve.default" "solve" "R_smooth.FEM.basis" "smooth.FEM.basis" 
:172910:58643940:17049592:0:"solve.default" "solve" "R_smooth.FEM.basis" "smooth.FEM.basis" 
:172910:58643940:17049592:0:"solve.default" "solve" "R_smooth.FEM.basis" "smooth.FEM.basis" 
:172910:58643940:17049592:0:"solve.default" "solve" "R_smooth.FEM.basis" "smooth.FEM.basis" 
:172910:58643940:17049592:0:"solve.default" "solve" "R_smooth.FEM.basis" "smooth.FEM.basis" 
:172910:58643940:17049592:0:"solve.default" "solve" "R_smooth.FEM.basis" "smooth.FEM.basis" 
:172910:58643940:17049592:0:"solve.default" "solve" "R_smooth.FEM.basis" "smooth.FEM.basis" 
:172910:58643940:17049592:0:"solve.default" "solve" "R_smooth.FEM.basis" "smooth.FEM.basis" 
:172910:58643940:17049592:0:"solve.default" "solve" "R_smooth.FEM.basis" "smooth.FEM.basis" 
:172910:58643940:17049592:0:"solve.default" "solve" "R_smooth.FEM.basis" "smooth.FEM.basis" 
:172910:58643940:17049592:0:"solve.default" "solve" "R_smooth.FEM.basis" "smooth.FEM.basis" 
:172910:58643940:17049592:0:"solve.default" "solve" "R_smooth.FEM.basis" "smooth.FEM.basis" 
:172910:58643940:17049592:0:"solve.default" "solve" "R_smooth.FEM.basis" "smooth.FEM.basis" 
:172910:58643940:17049592:0:"solve.default" "solve" "R_smooth.FEM.basis" "smooth.FEM.basis" 
:172910:58643940:17049592:0:"solve.default" "solve" "R_smooth.FEM.basis" "smooth.FEM.basis" 
:172910:58643940:17049592:0:"solve.default" "solve" "R_smooth.FEM.basis" "smooth.FEM.basis" 
:172910:58643940:17049592:0:"solve.default" "solve" "R_smooth.FEM.basis" "smooth.FEM.basis" 
:172910:58643940:17049592:0:"solve.default" "solve" "R_smooth.FEM.basis" "smooth.FEM.basis" 
:172910:58643940:17049592:0:"solve.default" "solve" "R_smooth.FEM.basis" "smooth.FEM.basis" 
:172910:58643940:17049592:0:"solve.default" "solve" "R_smooth.FEM.basis" "smooth.FEM.basis" 
:172910:58643940:17049592:0:"solve.default" "solve" "R_smooth.FEM.basis" "smooth.FEM.basis" 
:172910:58643940:17049592:0:"solve.default" "solve" "R_smooth.FEM.basis" "smooth.FEM.basis" 
:172910:58643940:17049592:0:"solve.default" "solve" "R_smooth.FEM.basis" "smooth.FEM.basis" 
:172910:58643940:17049592:0:"solve.default" "solve" "R_smooth.FEM.basis" "smooth.FEM.basis" 
:172910:58643940:17049592:0:"solve.default" "solve" "R_smooth.FEM.basis" "smooth.FEM.basis" 
:172910:58643940:17049592:0:"solve.default" "solve" "R_smooth.FEM.basis" "smooth.FEM.basis" 
:172910:58643940:17049592:0:"solve.default" "solve" "R_smooth.FEM.basis" "smooth.FEM.basis" 
:172910:58643940:17049592:0:"solve.default" "solve" "R_smooth.FEM.basis" "smooth.FEM.basis" 
:172910:58643940:17049592:0:"solve.default" "solve" "R_smooth.FEM.basis" "smooth.FEM.basis" 
:172910:58643940:17049592:0:"solve.default" "solve" "R_smooth.FEM.basis" "smooth.FEM.basis" 
:172910:58643940:17049592:0:"solve.default" "solve" "R_smooth.FEM.basis" "smooth.FEM.basis" 
:172910:58643940:17049592:0:"solve.default" "solve" "R_smooth.FEM.basis" "smooth.FEM.basis" 
:172910:58643940:17049592:0:"solve.default" "solve" "R_smooth.FEM.basis" "smooth.FEM.basis" 
:172910:58643940:17049592:0:"solve.default" "solve" "R_smooth.FEM.basis" "smooth.FEM.basis" 
:172910:58643940:17049592:0:"solve.default" "solve" "R_smooth.FEM.basis" "smooth.FEM.basis" 
:172910:58643940:17049592:0:"solve.default" "solve" "R_smooth.FEM.basis" "smooth.FEM.basis" 
:172910:58643940:17049592:0:"solve.default" "solve" "R_smooth.FEM.basis" "smooth.FEM.basis" 
:172910:58643940:17049592:0:"solve.default" "solve" "R_smooth.FEM.basis" "smooth.FEM.basis" 
:172910:58643940:17049592:0:"solve.default" "solve" "R_smooth.FEM.basis" "smooth.FEM.basis" 
:172910:58643940:17049592:0:"solve.default" "solve" "R_smooth.FEM.basis" "smooth.FEM.basis" 
:172910:58643940:17049592:0:"solve.default" "solve" "R_smooth.FEM.basis" "smooth.FEM.basis" 
:172910:58643940:17049592:0:"solve.default" "solve" "R_smooth.FEM.basis" "smooth.FEM.basis" 
:172910:58643940:17049592:0:"solve.default" "solve" "R_smooth.FEM.basis" "smooth.FEM.basis" 
:172910:58643940:17049592:0:"solve.default" "solve" "R_smooth.FEM.basis" "smooth.FEM.basis" 
:172910:58643940:17049592:0:"solve.default" "solve" "R_smooth.FEM.basis" "smooth.FEM.basis" 
:172910:58643940:17049592:0:"solve.default" "solve" "R_smooth.FEM.basis" "smooth.FEM.basis" 
:172910:58643940:17049592:0:"solve.default" "solve" "R_smooth.FEM.basis" "smooth.FEM.basis" 
:172910:58643940:17049592:0:"solve.default" "solve" "R_smooth.FEM.basis" "smooth.FEM.basis" 
:172910:58643940:17049592:0:"solve.default" "solve" "R_smooth.FEM.basis" "smooth.FEM.basis" 
:172910:58643940:17049592:0:"solve.default" "solve" "R_smooth.FEM.basis" "smooth.FEM.basis" 
:172910:58643940:17049592:0:"solve.default" "solve" "R_smooth.FEM.basis" "smooth.FEM.basis" 
:172910:58643940:17049592:0:"solve.default" "solve" "R_smooth.FEM.basis" "smooth.FEM.basis" 
:172910:58643940:17049592:0:"solve.default" "solve" "R_smooth.FEM.basis" "smooth.FEM.basis" 
:172910:58643940:17049592:0:"solve.default" "solve" "R_smooth.FEM.basis" "smooth.FEM.basis" 
:172910:58643940:17049592:0:"solve.default" "solve" "R_smooth.FEM.basis" "smooth.FEM.basis" 
:172910:58643940:17049592:0:"solve.default" "solve" "R_smooth.FEM.basis" "smooth.FEM.basis" 
:172910:58643940:17049592:0:"solve.default" "solve" "R_smooth.FEM.basis" "smooth.FEM.basis" 
:172910:58643940:17049592:0:"solve.default" "solve" "R_smooth.FEM.basis" "smooth.FEM.basis" 
:172910:58643940:17049592:0:"solve.default" "solve" "R_smooth.FEM.basis" "smooth.FEM.basis" 
:172910:58643940:17049592:0:"solve.default" "solve" "R_smooth.FEM.basis" "smooth.FEM.basis" 
:172910:58643940:17049592:0:"solve.default" "solve" "R_smooth.FEM.basis" "smooth.FEM.basis" 
:172910:58643940:17049592:0:"solve.default" "solve" "R_smooth.FEM.basis" "smooth.FEM.basis" 
:172910:58643940:17049592:0:"solve.default" "solve" "R_smooth.FEM.basis" "smooth.FEM.basis" 
:172910:58643940:17049592:0:"solve.default" "solve" "R_smooth.FEM.basis" "smooth.FEM.basis" 
:172910:58643940:17049592:0:"solve.default" "solve" "R_smooth.FEM.basis" "smooth.FEM.basis" 
:172910:58643940:17049592:0:"solve.default" "solve" "R_smooth.FEM.basis" "smooth.FEM.basis" 
:172910:58643940:17049592:0:"solve.default" "solve" "R_smooth.FEM.basis" "smooth.FEM.basis" 
:172910:58643940:17049592:0:"solve.default" "solve" "R_smooth.FEM.basis" "smooth.FEM.basis" 
:172910:58643940:17049592:0:"solve.default" "solve" "R_smooth.FEM.basis" "smooth.FEM.basis" 
:172910:58643940:17049592:0:"solve.default" "solve" "R_smooth.FEM.basis" "smooth.FEM.basis" 
:172910:58643940:17049592:0:"solve.default" "solve" "R_smooth.FEM.basis" "smooth.FEM.basis" 
:172910:58643940:17049592:0:"solve.default" "solve" "R_smooth.FEM.basis" "smooth.FEM.basis" 
:172910:58643940:17049592:0:"solve.default" "solve" "R_smooth.FEM.basis" "smooth.FEM.basis" 
:172910:58643940:17049592:0:"solve.default" "solve" "R_smooth.FEM.basis" "smooth.FEM.basis" 
:172910:58643940:17049592:0:"solve.default" "solve" "R_smooth.FEM.basis" "smooth.FEM.basis" 
:172910:58643940:17049592:0:"solve.default" "solve" "R_smooth.FEM.basis" "smooth.FEM.basis" 
:172910:58643940:17049592:0:"solve.default" "solve" "R_smooth.FEM.basis" "smooth.FEM.basis" 
:172910:58643940:17049592:0:"solve.default" "solve" "R_smooth.FEM.basis" "smooth.FEM.basis" 
:172910:58643940:17049592:0:"solve.default" "solve" "R_smooth.FEM.basis" "smooth.FEM.basis" 
:172910:58643940:17049592:0:"solve.default" "solve" "R_smooth.FEM.basis" "smooth.FEM.basis" 
:172910:58643940:17049592:0:"solve.default" "solve" "R_smooth.FEM.basis" "smooth.FEM.basis" 
:172910:58643940:17049592:0:"solve.default" "solve" "R_smooth.FEM.basis" "smooth.FEM.basis" 
:172910:58643940:17049592:0:"solve.default" "solve" "R_smooth.FEM.basis" "smooth.FEM.basis" 
:172910:58643940:17049592:0:"solve.default" "solve" "R_smooth.FEM.basis" "smooth.FEM.basis" 
:172910:58643940:17049592:0:"solve.default" "solve" "R_smooth.FEM.basis" "smooth.FEM.basis" 
:172910:58643940:17049592:0:"solve.default" "solve" "R_smooth.FEM.basis" "smooth.FEM.basis" 
:172910:58643940:17049592:0:"solve.default" "solve" "R_smooth.FEM.basis" "smooth.FEM.basis" 
:172910:58662293:17049648:0:"solve.default" "solve" "R_smooth.FEM.basis" "smooth.FEM.basis" 
:172910:58662293:17049648:0:"solve.default" "solve" "R_smooth.FEM.basis" "smooth.FEM.basis" 
:172910:58662293:17049648:0:"solve.default" "solve" "R_smooth.FEM.basis" "smooth.FEM.basis" 
:172910:58662293:17049648:0:"solve.default" "solve" "R_smooth.FEM.basis" "smooth.FEM.basis" 
:172910:58662293:17049648:0:"solve.default" "solve" "R_smooth.FEM.basis" "smooth.FEM.basis" 
:172910:58662293:17049648:0:"solve.default" "solve" "R_smooth.FEM.basis" "smooth.FEM.basis" 
:172910:58662293:17049648:0:"solve.default" "solve" "R_smooth.FEM.basis" "smooth.FEM.basis" 
